<?xml version="1.0" encoding="UTF-8"?>
<robot generator="Robot 7.3.2 (Python 3.13.7 on win32)" generated="2025-10-03T13:26:57.305487" rpa="false" schemaversion="5">
<suite id="s1" name="Serverest Tests" source="C:\Users\livia\OneDrive\Documentos\ServerestAPI\tests\serverest_tests.robot">
<kw name="Start API Session" owner="serverest_keywords" type="SETUP">
<kw name="Create Session" owner="RequestsLibrary">
<msg time="2025-10-03T13:26:57.430025" level="INFO">Creating Session using : alias=serverest, url=https://serverest.dev, headers={},                     cookies={}, auth=None, timeout=None, proxies=None, verify=False,                     debug=0 </msg>
<arg>serverest</arg>
<arg>${BASE_URL}</arg>
<doc>Create Session: create a HTTP session to a server</doc>
<status status="PASS" start="2025-10-03T13:26:57.429875" elapsed="0.000322"/>
</kw>
<status status="PASS" start="2025-10-03T13:26:57.429430" elapsed="0.000842"/>
</kw>
<test id="s1-t1" name="Cenário 00: Criar um Novo Administrador" line="10">
<kw name="Generate Random String" owner="String">
<msg time="2025-10-03T13:26:57.431439" level="INFO">${random_name} = jmlxglzl</msg>
<var>${random_name}</var>
<arg>8</arg>
<arg>[LOWER]</arg>
<doc>Generates a string with a desired ``length`` from the given ``chars``.</doc>
<status status="PASS" start="2025-10-03T13:26:57.431211" elapsed="0.000256"/>
</kw>
<kw name="Set Variable" owner="BuiltIn">
<msg time="2025-10-03T13:26:57.431772" level="INFO">${new_admin_email} = admin-jmlxglzl@qa.com</msg>
<var>${new_admin_email}</var>
<arg>admin-${random_name}@qa.com</arg>
<doc>Returns the given values which can then be assigned to a variables.</doc>
<status status="PASS" start="2025-10-03T13:26:57.431618" elapsed="0.000177"/>
</kw>
<kw name="Set Variable" owner="BuiltIn">
<msg time="2025-10-03T13:26:57.432037" level="INFO">${new_admin_pass} = senhaforte</msg>
<var>${new_admin_pass}</var>
<arg>senhaforte</arg>
<doc>Returns the given values which can then be assigned to a variables.</doc>
<status status="PASS" start="2025-10-03T13:26:57.431932" elapsed="0.000127"/>
</kw>
<kw name="Create New User" owner="serverest_keywords">
<kw name="Create Dictionary" owner="BuiltIn">
<msg time="2025-10-03T13:26:57.432893" level="INFO">&amp;{payload} = { nome=Admin jmlxglzl | email=admin-jmlxglzl@qa.com | password=senhaforte | administrador=true }</msg>
<var>&amp;{payload}</var>
<arg>nome=${name}</arg>
<arg>email=${email}</arg>
<arg>password=${password}</arg>
<arg>administrador=${is_admin}</arg>
<doc>Creates and returns a dictionary based on the given ``items``.</doc>
<status status="PASS" start="2025-10-03T13:26:57.432547" elapsed="0.000375"/>
</kw>
<kw name="POST On Session" owner="RequestsLibrary">
<msg time="2025-10-03T13:26:57.924425" level="INFO">POST Request : url=https://serverest.dev/usuarios 
 path_url=/usuarios 
 headers={'User-Agent': 'python-requests/2.32.5', 'Accept-Encoding': 'gzip, deflate', 'Accept': '*/*', 'Connection': 'keep-alive', 'Content-Length': '111', 'Content-Type': 'application/json'} 
 body=b'{"nome": "Admin jmlxglzl", "email": "admin-jmlxglzl@qa.com", "password": "senhaforte", "administrador": "true"}' 
 </msg>
<msg time="2025-10-03T13:26:57.924523" level="INFO">POST Response : url=https://serverest.dev/usuarios 
 status=201, reason=Created 
 headers={'access-control-allow-origin': '*', 'x-dns-prefetch-control': 'off', 'x-frame-options': 'SAMEORIGIN', 'strict-transport-security': 'max-age=15552000; includeSubDomains', 'x-download-options': 'noopen', 'x-content-type-options': 'nosniff', 'x-xss-protection': '1; mode=block', 'content-type': 'application/json; charset=utf-8', 'x-cloud-trace-context': '0676c4b2d84f011c165dab6789bd721f;o=1', 'date': 'Fri, 03 Oct 2025 16:26:57 GMT', 'server': 'Google Frontend', 'Content-Length': '82'} 
 body={
    "message": "Cadastro realizado com sucesso",
    "_id": "zVoTPTmqp3vg9xHt"
} 
 </msg>
<msg time="2025-10-03T13:26:57.924583" level="INFO">C:\Users\livia\AppData\Local\Programs\Python\Python313\Lib\site-packages\urllib3\connectionpool.py:1097: InsecureRequestWarning: Unverified HTTPS request is being made to host 'serverest.dev'. Adding certificate verification is strongly advised. See: https://urllib3.readthedocs.io/en/latest/advanced-usage.html#tls-warnings
  warnings.warn(</msg>
<msg time="2025-10-03T13:26:57.924827" level="INFO">${response} = &lt;Response [201]&gt;</msg>
<var>${response}</var>
<arg>serverest</arg>
<arg>/usuarios</arg>
<arg>json=${payload}</arg>
<doc>Sends a POST request on a previously created HTTP Session.</doc>
<status status="PASS" start="2025-10-03T13:26:57.433017" elapsed="0.491839"/>
</kw>
<kw name="Status Should Be" owner="RequestsLibrary">
<arg>201</arg>
<arg>${response}</arg>
<doc>Fails if response status code is different than the expected.</doc>
<status status="PASS" start="2025-10-03T13:26:57.924981" elapsed="0.000202"/>
</kw>
<kw name="Log" owner="BuiltIn">
<msg time="2025-10-03T13:26:57.925714" level="INFO">Usuário criado com sucesso: {'message': 'Cadastro realizado com sucesso', '_id': 'zVoTPTmqp3vg9xHt'}</msg>
<arg>Usuário criado com sucesso: ${response.json()}</arg>
<doc>Logs the given message with the given level.</doc>
<status status="PASS" start="2025-10-03T13:26:57.925302" elapsed="0.000454"/>
</kw>
<return>
<value>${response.json()}[_id]</value>
<status status="PASS" start="2025-10-03T13:26:57.925802" elapsed="0.000041"/>
</return>
<arg>Admin ${random_name}</arg>
<arg>${new_admin_email}</arg>
<arg>${new_admin_pass}</arg>
<arg>true</arg>
<status status="PASS" start="2025-10-03T13:26:57.432244" elapsed="0.493947"/>
</kw>
<kw name="Log To Console" owner="BuiltIn">
<arg>\n\n--- NOVAS CREDENCIAIS DE ADMIN ---</arg>
<doc>Logs the given message to the console.</doc>
<status status="PASS" start="2025-10-03T13:26:57.926387" elapsed="0.000816"/>
</kw>
<kw name="Log To Console" owner="BuiltIn">
<arg>Email: ${new_admin_email}</arg>
<doc>Logs the given message to the console.</doc>
<status status="PASS" start="2025-10-03T13:26:57.927347" elapsed="0.000172"/>
</kw>
<kw name="Log To Console" owner="BuiltIn">
<arg>Senha: ${new_admin_pass}</arg>
<doc>Logs the given message to the console.</doc>
<status status="PASS" start="2025-10-03T13:26:57.927695" elapsed="0.000172"/>
</kw>
<kw name="Log To Console" owner="BuiltIn">
<arg>------------------------------------\n</arg>
<doc>Logs the given message to the console.</doc>
<status status="PASS" start="2025-10-03T13:26:57.927992" elapsed="0.000134"/>
</kw>
<tag>SETUP</tag>
<status status="PASS" start="2025-10-03T13:26:57.430335" elapsed="0.497925"/>
</test>
<test id="s1-t2" name="Cenário 01: [GET] Verificar se a API está online" line="27">
<kw name="Health Check" owner="serverest_keywords">
<kw name="GET On Session" owner="RequestsLibrary">
<msg time="2025-10-03T13:26:58.143447" level="INFO">GET Request : url=https://serverest.dev/ 
 path_url=/ 
 headers={'User-Agent': 'python-requests/2.32.5', 'Accept-Encoding': 'gzip, deflate', 'Accept': '*/*', 'Connection': 'keep-alive'} 
 body=None 
 </msg>
<msg time="2025-10-03T13:26:58.143528" level="INFO">GET Response : url=https://serverest.dev/ 
 status=200, reason=OK 
 headers={'access-control-allow-origin': '*', 'x-dns-prefetch-control': 'off', 'x-frame-options': 'SAMEORIGIN', 'strict-transport-security': 'max-age=15552000; includeSubDomains', 'x-download-options': 'noopen', 'x-content-type-options': 'nosniff', 'x-xss-protection': '1; mode=block', 'content-type': 'text/html; charset=utf-8', 'x-cloud-trace-context': '7229f4bc1c42d245165dab6789bd7824', 'date': 'Fri, 03 Oct 2025 16:26:57 GMT', 'server': 'Google Frontend', 'Content-Length': '3237'} 
 body=
&lt;!-- HTML for static distribution bundle build --&gt;
&lt;!DOCTYPE html&gt;
&lt;html lang="en"&gt;
&lt;head&gt;
  &lt;meta charset="UTF-8"&gt;
  
  &lt;title&gt;ServeRest&lt;/title&gt;
  &lt;link rel="stylesheet" type="text/css" href="./swagger-ui.css" &gt;
  &lt;link rel="icon" href="/favicon.ico" /&gt;
  &lt;style&gt;
    html
    {
      box-sizing: border-box;
      overflow: -moz-scrollbars-vertical;
      overflow-y: scroll;
    }
    *,
    *:before,
    *:after
    {
      box-sizing: inherit;
    }

    body {
      margin:0;
      background: #fafafa;
    }
  &lt;/style&gt;
&lt;/head&gt;

&lt;body&gt;

&lt;svg xmlns="http://www.w3.org/2000/svg" xmlns:xlink="http://www.w3.org/1999/xlink" style="position:absolute;width:0;height:0"&gt;
  &lt;defs&gt;
    &lt;symbol viewBox="0 0 20 20" id="unlocked"&gt;
      &lt;path d="M15.8 8H14V5.6C14 2.703 12.665 1 10 1 7.334 1 6 2.703 6 5.6V6h2v-.801C8 3.754 8.797 3 10 3c1.203 0 2 .754 2 2.199V8H4c-.553 0-1 .646-1 1.199V17c0 .549.428 1.139.951 1.307l1.197.387C5.672 18.861 6.55 19 7.1 19h5.8c.549 0 1.428-.139 1.951-.307l1.196-.387c.524-.167.953-.757.953-1.306V9.199C17 8.646 16.352 8 15.8 8z"&gt;&lt;/path&gt;
    &lt;/symbol&gt;

    &lt;symbol viewBox="0 0 20 20" id="locked"&gt;
      &lt;path d="M15.8 8H14V5.6C14 2.703 12.665 1 10 1 7.334 1 6 2.703 6 5.6V8H4c-.553 0-1 .646-1 1.199V17c0 .549.428 1.139.951 1.307l1.197.387C5.672 18.861 6.55 19 7.1 19h5.8c.549 0 1.428-.139 1.951-.307l1.196-.387c.524-.167.953-.757.953-1.306V9.199C17 8.646 16.352 8 15.8 8zM12 8H8V5.199C8 3.754 8.797 3 10 3c1.203 0 2 .754 2 2.199V8z"/&gt;
    &lt;/symbol&gt;

    &lt;symbol viewBox="0 0 20 20" id="close"&gt;
      &lt;path d="M14.348 14.849c-.469.469-1.229.469-1.697 0L10 11.819l-2.651 3.029c-.469.469-1.229.469-1.697 0-.469-.469-.469-1.229 0-1.697l2.758-3.15-2.759-3.152c-.469-.469-.469-1.228 0-1.697.469-.469 1.228-.469 1.697 0L10 8.183l2.651-3.031c.469-.469 1.228-.469 1.697 0 .469.469.469 1.229 0 1.697l-2.758 3.152 2.758 3.15c.469.469.469 1.229 0 1.698z"/&gt;
    &lt;/symbol&gt;

    &lt;symbol viewBox="0 0 20 20" id="large-arrow"&gt;
      &lt;path d="M13.25 10L6.109 2.58c-.268-.27-.268-.707 0-.979.268-.27.701-.27.969 0l7.83 7.908c.268.271.268.709 0 .979l-7.83 7.908c-.268.271-.701.27-.969 0-.268-.269-.268-.707 0-.979L13.25 10z"/&gt;
    &lt;/symbol&gt;

    &lt;symbol viewBox="0 0 20 20" id="large-arrow-down"&gt;
      &lt;path d="M17.418 6.109c.272-.268.709-.268.979 0s.271.701 0 .969l-7.908 7.83c-.27.268-.707.268-.979 0l-7.908-7.83c-.27-.268-.27-.701 0-.969.271-.268.709-.268.979 0L10 13.25l7.418-7.141z"/&gt;
    &lt;/symbol&gt;


    &lt;symbol viewBox="0 0 24 24" id="jump-to"&gt;
      &lt;path d="M19 7v4H5.83l3.58-3.59L8 6l-6 6 6 6 1.41-1.41L5.83 13H21V7z"/&gt;
    &lt;/symbol&gt;

    &lt;symbol viewBox="0 0 24 24" id="expand"&gt;
      &lt;path d="M10 18h4v-2h-4v2zM3 6v2h18V6H3zm3 7h12v-2H6v2z"/&gt;
    &lt;/symbol&gt;

  &lt;/defs&gt;
&lt;/svg&gt;

&lt;div id="swagger-ui"&gt;&lt;/div&gt;

&lt;script src="./swagger-ui-bundle.js"&gt; &lt;/script&gt;
&lt;script src="./swagger-ui-standalone-preset.js"&gt; &lt;/script&gt;
&lt;script src="./swagger-ui-init.js"&gt; &lt;/script&gt;



&lt;style&gt;
  .swagger-ui .topbar .download-url-wrapper { display: none } 
  .topbar-wrapper img { content:url(https://user-images.githubusercontent.com/29241659/118382797-365f3900-b5cf-11eb-9c82-0298a5c75b7e.png); width:150px; height:auto; }
  .swagger-ui .topbar { background-color: #000000; border-bottom: 20px solid #7900e2; }
&lt;/style&gt;
&lt;/body&gt;

&lt;/html&gt;
 
 </msg>
<msg time="2025-10-03T13:26:58.143825" level="INFO">C:\Users\livia\AppData\Local\Programs\Python\Python313\Lib\site-packages\urllib3\connectionpool.py:1097: InsecureRequestWarning: Unverified HTTPS request is being made to host 'serverest.dev'. Adding certificate verification is strongly advised. See: https://urllib3.readthedocs.io/en/latest/advanced-usage.html#tls-warnings
  warnings.warn(</msg>
<msg time="2025-10-03T13:26:58.144183" level="INFO">${response} = &lt;Response [200]&gt;</msg>
<var>${response}</var>
<arg>serverest</arg>
<arg>/</arg>
<doc>Sends a GET request on a previously created HTTP Session.</doc>
<status status="PASS" start="2025-10-03T13:26:57.929049" elapsed="0.215164"/>
</kw>
<kw name="Status Should Be" owner="RequestsLibrary">
<arg>200</arg>
<arg>${response}</arg>
<doc>Fails if response status code is different than the expected.</doc>
<status status="PASS" start="2025-10-03T13:26:58.144386" elapsed="0.000239"/>
</kw>
<status status="PASS" start="2025-10-03T13:26:57.928870" elapsed="0.215812"/>
</kw>
<tag>GET</tag>
<tag>SMOKE</tag>
<status status="PASS" start="2025-10-03T13:26:57.928542" elapsed="0.216355"/>
</test>
<test id="s1-t3" name="Cenário 02: [POST e GET] Criar e consultar um novo usuário" line="31">
<kw name="Generate Random String" owner="String">
<msg time="2025-10-03T13:26:58.146291" level="INFO">${random_name} = ejxshgiy</msg>
<var>${random_name}</var>
<arg>8</arg>
<arg>[LOWER]</arg>
<doc>Generates a string with a desired ``length`` from the given ``chars``.</doc>
<status status="PASS" start="2025-10-03T13:26:58.146050" elapsed="0.000265"/>
</kw>
<kw name="Set Variable" owner="BuiltIn">
<msg time="2025-10-03T13:26:58.146664" level="INFO">${random_email} = ejxshgiy@qa.com</msg>
<var>${random_email}</var>
<arg>${random_name}@qa.com</arg>
<doc>Returns the given values which can then be assigned to a variables.</doc>
<status status="PASS" start="2025-10-03T13:26:58.146517" elapsed="0.000169"/>
</kw>
<kw name="Create New User" owner="serverest_keywords">
<kw name="Create Dictionary" owner="BuiltIn">
<msg time="2025-10-03T13:26:58.147534" level="INFO">&amp;{payload} = { nome=Livia ejxshgiy | email=ejxshgiy@qa.com | password=teste123 | administrador=true }</msg>
<var>&amp;{payload}</var>
<arg>nome=${name}</arg>
<arg>email=${email}</arg>
<arg>password=${password}</arg>
<arg>administrador=${is_admin}</arg>
<doc>Creates and returns a dictionary based on the given ``items``.</doc>
<status status="PASS" start="2025-10-03T13:26:58.147243" elapsed="0.000316"/>
</kw>
<kw name="POST On Session" owner="RequestsLibrary">
<msg time="2025-10-03T13:26:58.355673" level="INFO">POST Request : url=https://serverest.dev/usuarios 
 path_url=/usuarios 
 headers={'User-Agent': 'python-requests/2.32.5', 'Accept-Encoding': 'gzip, deflate', 'Accept': '*/*', 'Connection': 'keep-alive', 'Content-Length': '103', 'Content-Type': 'application/json'} 
 body=b'{"nome": "Livia ejxshgiy", "email": "ejxshgiy@qa.com", "password": "teste123", "administrador": "true"}' 
 </msg>
<msg time="2025-10-03T13:26:58.356035" level="INFO">POST Response : url=https://serverest.dev/usuarios 
 status=201, reason=Created 
 headers={'access-control-allow-origin': '*', 'x-dns-prefetch-control': 'off', 'x-frame-options': 'SAMEORIGIN', 'strict-transport-security': 'max-age=15552000; includeSubDomains', 'x-download-options': 'noopen', 'x-content-type-options': 'nosniff', 'x-xss-protection': '1; mode=block', 'content-type': 'application/json; charset=utf-8', 'x-cloud-trace-context': 'eb79a401804a08e7165dab6789bd7eda', 'date': 'Fri, 03 Oct 2025 16:26:58 GMT', 'server': 'Google Frontend', 'Content-Length': '82'} 
 body={
    "message": "Cadastro realizado com sucesso",
    "_id": "eS2h3eYPjcljZhpI"
} 
 </msg>
<msg time="2025-10-03T13:26:58.356293" level="INFO">C:\Users\livia\AppData\Local\Programs\Python\Python313\Lib\site-packages\urllib3\connectionpool.py:1097: InsecureRequestWarning: Unverified HTTPS request is being made to host 'serverest.dev'. Adding certificate verification is strongly advised. See: https://urllib3.readthedocs.io/en/latest/advanced-usage.html#tls-warnings
  warnings.warn(</msg>
<msg time="2025-10-03T13:26:58.357318" level="INFO">${response} = &lt;Response [201]&gt;</msg>
<var>${response}</var>
<arg>serverest</arg>
<arg>/usuarios</arg>
<arg>json=${payload}</arg>
<doc>Sends a POST request on a previously created HTTP Session.</doc>
<status status="PASS" start="2025-10-03T13:26:58.147654" elapsed="0.209798"/>
</kw>
<kw name="Status Should Be" owner="RequestsLibrary">
<arg>201</arg>
<arg>${response}</arg>
<doc>Fails if response status code is different than the expected.</doc>
<status status="PASS" start="2025-10-03T13:26:58.358063" elapsed="0.000800"/>
</kw>
<kw name="Log" owner="BuiltIn">
<msg time="2025-10-03T13:26:58.360929" level="INFO">Usuário criado com sucesso: {'message': 'Cadastro realizado com sucesso', '_id': 'eS2h3eYPjcljZhpI'}</msg>
<arg>Usuário criado com sucesso: ${response.json()}</arg>
<doc>Logs the given message with the given level.</doc>
<status status="PASS" start="2025-10-03T13:26:58.359240" elapsed="0.001872"/>
</kw>
<return>
<value>${response.json()}[_id]</value>
<status status="PASS" start="2025-10-03T13:26:58.361320" elapsed="0.000175"/>
</return>
<msg time="2025-10-03T13:26:58.362822" level="INFO">${user_id} = eS2h3eYPjcljZhpI</msg>
<var>${user_id}</var>
<arg>Livia ${random_name}</arg>
<arg>${random_email}</arg>
<arg>teste123</arg>
<arg>true</arg>
<status status="PASS" start="2025-10-03T13:26:58.146955" elapsed="0.215890"/>
</kw>
<kw name="Get User By ID" owner="serverest_keywords">
<kw name="GET On Session" owner="RequestsLibrary">
<msg time="2025-10-03T13:26:58.573903" level="INFO">GET Request : url=https://serverest.dev/usuarios/eS2h3eYPjcljZhpI 
 path_url=/usuarios/eS2h3eYPjcljZhpI 
 headers={'User-Agent': 'python-requests/2.32.5', 'Accept-Encoding': 'gzip, deflate', 'Accept': '*/*', 'Connection': 'keep-alive'} 
 body=None 
 </msg>
<msg time="2025-10-03T13:26:58.573975" level="INFO">GET Response : url=https://serverest.dev/usuarios/eS2h3eYPjcljZhpI 
 status=200, reason=OK 
 headers={'access-control-allow-origin': '*', 'x-dns-prefetch-control': 'off', 'x-frame-options': 'SAMEORIGIN', 'strict-transport-security': 'max-age=15552000; includeSubDomains', 'x-download-options': 'noopen', 'x-content-type-options': 'nosniff', 'x-xss-protection': '1; mode=block', 'content-type': 'application/json; charset=utf-8', 'x-cloud-trace-context': 'b296aed0284de8c0165dab6789bd7234', 'date': 'Fri, 03 Oct 2025 16:26:58 GMT', 'server': 'Google Frontend', 'Content-Length': '152'} 
 body={
    "nome": "Livia ejxshgiy",
    "email": "ejxshgiy@qa.com",
    "password": "teste123",
    "administrador": "true",
    "_id": "eS2h3eYPjcljZhpI"
} 
 </msg>
<msg time="2025-10-03T13:26:58.574030" level="INFO">C:\Users\livia\AppData\Local\Programs\Python\Python313\Lib\site-packages\urllib3\connectionpool.py:1097: InsecureRequestWarning: Unverified HTTPS request is being made to host 'serverest.dev'. Adding certificate verification is strongly advised. See: https://urllib3.readthedocs.io/en/latest/advanced-usage.html#tls-warnings
  warnings.warn(</msg>
<msg time="2025-10-03T13:26:58.574242" level="INFO">${response} = &lt;Response [200]&gt;</msg>
<var>${response}</var>
<arg>serverest</arg>
<arg>/usuarios/${user_id}</arg>
<doc>Sends a GET request on a previously created HTTP Session.</doc>
<status status="PASS" start="2025-10-03T13:26:58.363344" elapsed="0.210929"/>
</kw>
<kw name="Status Should Be" owner="RequestsLibrary">
<arg>200</arg>
<arg>${response}</arg>
<doc>Fails if response status code is different than the expected.</doc>
<status status="PASS" start="2025-10-03T13:26:58.574413" elapsed="0.000167"/>
</kw>
<return>
<value>${response.json()}</value>
<status status="PASS" start="2025-10-03T13:26:58.574628" elapsed="0.000030"/>
</return>
<msg time="2025-10-03T13:26:58.575021" level="INFO">${response} = {'nome': 'Livia ejxshgiy', 'email': 'ejxshgiy@qa.com', 'password': 'teste123', 'administrador': 'true', '_id': 'eS2h3eYPjcljZhpI'}</msg>
<var>${response}</var>
<arg>${user_id}</arg>
<status status="PASS" start="2025-10-03T13:26:58.363127" elapsed="0.211993"/>
</kw>
<kw name="Should Be Equal As Strings" owner="BuiltIn">
<arg>${response}[nome]</arg>
<arg>Livia ${random_name}</arg>
<doc>Fails if objects are unequal after converting them to strings.</doc>
<status status="PASS" start="2025-10-03T13:26:58.575273" elapsed="0.000179"/>
</kw>
<kw name="Should Be Equal As Strings" owner="BuiltIn">
<arg>${response}[email]</arg>
<arg>${random_email}</arg>
<doc>Fails if objects are unequal after converting them to strings.</doc>
<status status="PASS" start="2025-10-03T13:26:58.575582" elapsed="0.000147"/>
</kw>
<tag>GET</tag>
<tag>POST</tag>
<tag>USUARIOS</tag>
<status status="PASS" start="2025-10-03T13:26:58.145565" elapsed="0.430292"/>
</test>
<test id="s1-t4" name="Cenário 03: [DELETE] Deletar um usuário existente" line="46">
<kw name="Generate Random String" owner="String">
<msg time="2025-10-03T13:26:58.576642" level="INFO">${random_name} = inviuvlc</msg>
<var>${random_name}</var>
<arg>8</arg>
<arg>[LOWER]</arg>
<doc>Generates a string with a desired ``length`` from the given ``chars``.</doc>
<status status="PASS" start="2025-10-03T13:26:58.576447" elapsed="0.000217"/>
</kw>
<kw name="Set Variable" owner="BuiltIn">
<msg time="2025-10-03T13:26:58.576939" level="INFO">${random_email} = inviuvlc@qa.com</msg>
<var>${random_email}</var>
<arg>${random_name}@qa.com</arg>
<doc>Returns the given values which can then be assigned to a variables.</doc>
<status status="PASS" start="2025-10-03T13:26:58.576801" elapsed="0.000160"/>
</kw>
<kw name="Create New User" owner="serverest_keywords">
<kw name="Create Dictionary" owner="BuiltIn">
<msg time="2025-10-03T13:26:58.577668" level="INFO">&amp;{payload} = { nome=Usuario Para Deletar | email=inviuvlc@qa.com | password=senhaforte | administrador=false }</msg>
<var>&amp;{payload}</var>
<arg>nome=${name}</arg>
<arg>email=${email}</arg>
<arg>password=${password}</arg>
<arg>administrador=${is_admin}</arg>
<doc>Creates and returns a dictionary based on the given ``items``.</doc>
<status status="PASS" start="2025-10-03T13:26:58.577391" elapsed="0.000301"/>
</kw>
<kw name="POST On Session" owner="RequestsLibrary">
<msg time="2025-10-03T13:26:58.788432" level="INFO">POST Request : url=https://serverest.dev/usuarios 
 path_url=/usuarios 
 headers={'User-Agent': 'python-requests/2.32.5', 'Accept-Encoding': 'gzip, deflate', 'Accept': '*/*', 'Connection': 'keep-alive', 'Content-Length': '112', 'Content-Type': 'application/json'} 
 body=b'{"nome": "Usuario Para Deletar", "email": "inviuvlc@qa.com", "password": "senhaforte", "administrador": "false"}' 
 </msg>
<msg time="2025-10-03T13:26:58.788547" level="INFO">POST Response : url=https://serverest.dev/usuarios 
 status=201, reason=Created 
 headers={'access-control-allow-origin': '*', 'x-dns-prefetch-control': 'off', 'x-frame-options': 'SAMEORIGIN', 'strict-transport-security': 'max-age=15552000; includeSubDomains', 'x-download-options': 'noopen', 'x-content-type-options': 'nosniff', 'x-xss-protection': '1; mode=block', 'content-type': 'application/json; charset=utf-8', 'x-cloud-trace-context': '506f632bb3ca86ad165dab6789bd7e8b', 'date': 'Fri, 03 Oct 2025 16:26:58 GMT', 'server': 'Google Frontend', 'Content-Length': '82'} 
 body={
    "message": "Cadastro realizado com sucesso",
    "_id": "2isVyc81J2RzX5XK"
} 
 </msg>
<msg time="2025-10-03T13:26:58.788636" level="INFO">C:\Users\livia\AppData\Local\Programs\Python\Python313\Lib\site-packages\urllib3\connectionpool.py:1097: InsecureRequestWarning: Unverified HTTPS request is being made to host 'serverest.dev'. Adding certificate verification is strongly advised. See: https://urllib3.readthedocs.io/en/latest/advanced-usage.html#tls-warnings
  warnings.warn(</msg>
<msg time="2025-10-03T13:26:58.788974" level="INFO">${response} = &lt;Response [201]&gt;</msg>
<var>${response}</var>
<arg>serverest</arg>
<arg>/usuarios</arg>
<arg>json=${payload}</arg>
<doc>Sends a POST request on a previously created HTTP Session.</doc>
<status status="PASS" start="2025-10-03T13:26:58.577781" elapsed="0.211227"/>
</kw>
<kw name="Status Should Be" owner="RequestsLibrary">
<arg>201</arg>
<arg>${response}</arg>
<doc>Fails if response status code is different than the expected.</doc>
<status status="PASS" start="2025-10-03T13:26:58.789155" elapsed="0.000203"/>
</kw>
<kw name="Log" owner="BuiltIn">
<msg time="2025-10-03T13:26:58.789917" level="INFO">Usuário criado com sucesso: {'message': 'Cadastro realizado com sucesso', '_id': '2isVyc81J2RzX5XK'}</msg>
<arg>Usuário criado com sucesso: ${response.json()}</arg>
<doc>Logs the given message with the given level.</doc>
<status status="PASS" start="2025-10-03T13:26:58.789468" elapsed="0.000499"/>
</kw>
<return>
<value>${response.json()}[_id]</value>
<status status="PASS" start="2025-10-03T13:26:58.790018" elapsed="0.000036"/>
</return>
<msg time="2025-10-03T13:26:58.790490" level="INFO">${user_to_delete_id} = 2isVyc81J2RzX5XK</msg>
<var>${user_to_delete_id}</var>
<arg>Usuario Para Deletar</arg>
<arg>${random_email}</arg>
<arg>senhaforte</arg>
<arg>false</arg>
<status status="PASS" start="2025-10-03T13:26:58.577141" elapsed="0.213379"/>
</kw>
<kw name="Get Auth Token" owner="serverest_keywords">
<kw name="Create Dictionary" owner="BuiltIn">
<msg time="2025-10-03T13:26:58.791440" level="INFO">&amp;{credentials} = { email=admin-hdmqwbhw@qa.com | password=senhaforte }</msg>
<var>&amp;{credentials}</var>
<arg>email=${email}</arg>
<arg>password=${password}</arg>
<doc>Creates and returns a dictionary based on the given ``items``.</doc>
<status status="PASS" start="2025-10-03T13:26:58.791166" elapsed="0.000304"/>
</kw>
<kw name="POST On Session" owner="RequestsLibrary">
<msg time="2025-10-03T13:26:59.009909" level="INFO">POST Request : url=https://serverest.dev/login 
 path_url=/login 
 headers={'User-Agent': 'python-requests/2.32.5', 'Accept-Encoding': 'gzip, deflate', 'Accept': '*/*', 'Connection': 'keep-alive', 'Content-Length': '60', 'Content-Type': 'application/json'} 
 body=b'{"email": "admin-hdmqwbhw@qa.com", "password": "senhaforte"}' 
 </msg>
<msg time="2025-10-03T13:26:59.009981" level="INFO">POST Response : url=https://serverest.dev/login 
 status=200, reason=OK 
 headers={'access-control-allow-origin': '*', 'x-dns-prefetch-control': 'off', 'x-frame-options': 'SAMEORIGIN', 'strict-transport-security': 'max-age=15552000; includeSubDomains', 'x-download-options': 'noopen', 'x-content-type-options': 'nosniff', 'x-xss-protection': '1; mode=block', 'content-type': 'application/json; charset=utf-8', 'x-cloud-trace-context': 'a15df43f8944a7ef165dab6789bd71e5', 'date': 'Fri, 03 Oct 2025 16:26:58 GMT', 'server': 'Google Frontend', 'Content-Length': '283'} 
 body={
    "message": "Login realizado com sucesso",
    "authorization": "Bearer eyJhbGciOiJIUzI1NiIsInR5cCI6IkpXVCJ9.eyJlbWFpbCI6ImFkbWluLWhkbXF3Ymh3QHFhLmNvbSIsInBhc3N3b3JkIjoic2VuaGFmb3J0ZSIsImlhdCI6MTc1OTUwODgxOCwiZXhwIjoxNzU5NTA5NDE4fQ.FhOWodoYzcw4UKqGIWLEB4wy4lP_HgKZhHFWvY3gyqw"
} 
 </msg>
<msg time="2025-10-03T13:26:59.010039" level="INFO">C:\Users\livia\AppData\Local\Programs\Python\Python313\Lib\site-packages\urllib3\connectionpool.py:1097: InsecureRequestWarning: Unverified HTTPS request is being made to host 'serverest.dev'. Adding certificate verification is strongly advised. See: https://urllib3.readthedocs.io/en/latest/advanced-usage.html#tls-warnings
  warnings.warn(</msg>
<msg time="2025-10-03T13:26:59.010261" level="INFO">${response} = &lt;Response [200]&gt;</msg>
<var>${response}</var>
<arg>serverest</arg>
<arg>/login</arg>
<arg>json=${credentials}</arg>
<doc>Sends a POST request on a previously created HTTP Session.</doc>
<status status="PASS" start="2025-10-03T13:26:58.791579" elapsed="0.218705"/>
</kw>
<kw name="Status Should Be" owner="RequestsLibrary">
<arg>200</arg>
<arg>${response}</arg>
<doc>Fails if response status code is different than the expected.</doc>
<status status="PASS" start="2025-10-03T13:26:59.010416" elapsed="0.000161"/>
</kw>
<kw name="Set Variable" owner="BuiltIn">
<msg time="2025-10-03T13:26:59.011103" level="INFO">${token} = Bearer eyJhbGciOiJIUzI1NiIsInR5cCI6IkpXVCJ9.eyJlbWFpbCI6ImFkbWluLWhkbXF3Ymh3QHFhLmNvbSIsInBhc3N3b3JkIjoic2VuaGFmb3J0ZSIsImlhdCI6MTc1OTUwODgxOCwiZXhwIjoxNzU5NTA5NDE4fQ.FhOWodoYzcw4UKqGIWLEB4wy4lP_HgKZh...</msg>
<var>${token}</var>
<arg>${response.json()}[authorization]</arg>
<doc>Returns the given values which can then be assigned to a variables.</doc>
<status status="PASS" start="2025-10-03T13:26:59.010711" elapsed="0.000416"/>
</kw>
<kw name="Log" owner="BuiltIn">
<msg time="2025-10-03T13:26:59.011313" level="INFO">Token recebido: Bearer eyJhbGciOiJIUzI1NiIsInR5cCI6IkpXVCJ9.eyJlbWFpbCI6ImFkbWluLWhkbXF3Ymh3QHFhLmNvbSIsInBhc3N3b3JkIjoic2VuaGFmb3J0ZSIsImlhdCI6MTc1OTUwODgxOCwiZXhwIjoxNzU5NTA5NDE4fQ.FhOWodoYzcw4UKqGIWLEB4wy4lP_HgKZhHFWvY3gyqw</msg>
<arg>Token recebido: ${token}</arg>
<doc>Logs the given message with the given level.</doc>
<status status="PASS" start="2025-10-03T13:26:59.011214" elapsed="0.000135"/>
</kw>
<return>
<value>${token}</value>
<status status="PASS" start="2025-10-03T13:26:59.011390" elapsed="0.000029"/>
</return>
<msg time="2025-10-03T13:26:59.011523" level="INFO">${token} = Bearer eyJhbGciOiJIUzI1NiIsInR5cCI6IkpXVCJ9.eyJlbWFpbCI6ImFkbWluLWhkbXF3Ymh3QHFhLmNvbSIsInBhc3N3b3JkIjoic2VuaGFmb3J0ZSIsImlhdCI6MTc1OTUwODgxOCwiZXhwIjoxNzU5NTA5NDE4fQ.FhOWodoYzcw4UKqGIWLEB4wy4lP_HgKZh...</msg>
<var>${token}</var>
<arg>${ADMIN_EMAIL}</arg>
<arg>${ADMIN_PASSWORD}</arg>
<status status="PASS" start="2025-10-03T13:26:58.790850" elapsed="0.220695"/>
</kw>
<kw name="Delete User" owner="serverest_keywords">
<kw name="Create Dictionary" owner="BuiltIn">
<msg time="2025-10-03T13:26:59.012159" level="INFO">&amp;{headers} = { Authorization=Bearer eyJhbGciOiJIUzI1NiIsInR5cCI6IkpXVCJ9.eyJlbWFpbCI6ImFkbWluLWhkbXF3Ymh3QHFhLmNvbSIsInBhc3N3b3JkIjoic2VuaGFmb3J0ZSIsImlhdCI6MTc1OTUwODgxOCwiZXhwIjoxNzU5NTA5NDE4fQ.FhOWodoYzcw4UKqGI...</msg>
<var>&amp;{headers}</var>
<arg>Authorization=${token}</arg>
<doc>Creates and returns a dictionary based on the given ``items``.</doc>
<status status="PASS" start="2025-10-03T13:26:59.011967" elapsed="0.000216"/>
</kw>
<kw name="DELETE On Session" owner="RequestsLibrary">
<msg time="2025-10-03T13:26:59.229143" level="INFO">DELETE Request : url=https://serverest.dev/usuarios/2isVyc81J2RzX5XK 
 path_url=/usuarios/2isVyc81J2RzX5XK 
 headers={'User-Agent': 'python-requests/2.32.5', 'Accept-Encoding': 'gzip, deflate', 'Accept': '*/*', 'Connection': 'keep-alive', 'Authorization': 'Bearer eyJhbGciOiJIUzI1NiIsInR5cCI6IkpXVCJ9.eyJlbWFpbCI6ImFkbWluLWhkbXF3Ymh3QHFhLmNvbSIsInBhc3N3b3JkIjoic2VuaGFmb3J0ZSIsImlhdCI6MTc1OTUwODgxOCwiZXhwIjoxNzU5NTA5NDE4fQ.FhOWodoYzcw4UKqGIWLEB4wy4lP_HgKZhHFWvY3gyqw', 'Content-Length': '0'} 
 body=None 
 </msg>
<msg time="2025-10-03T13:26:59.229225" level="INFO">DELETE Response : url=https://serverest.dev/usuarios/2isVyc81J2RzX5XK 
 status=200, reason=OK 
 headers={'access-control-allow-origin': '*', 'x-dns-prefetch-control': 'off', 'x-frame-options': 'SAMEORIGIN', 'strict-transport-security': 'max-age=15552000; includeSubDomains', 'x-download-options': 'noopen', 'x-content-type-options': 'nosniff', 'x-xss-protection': '1; mode=block', 'content-type': 'application/json; charset=utf-8', 'x-cloud-trace-context': '2f71a5d81dad21af165dab6789bd7739', 'date': 'Fri, 03 Oct 2025 16:26:59 GMT', 'server': 'Google Frontend', 'Content-Length': '51'} 
 body={
    "message": "Registro excluído com sucesso"
} 
 </msg>
<msg time="2025-10-03T13:26:59.229286" level="INFO">C:\Users\livia\AppData\Local\Programs\Python\Python313\Lib\site-packages\urllib3\connectionpool.py:1097: InsecureRequestWarning: Unverified HTTPS request is being made to host 'serverest.dev'. Adding certificate verification is strongly advised. See: https://urllib3.readthedocs.io/en/latest/advanced-usage.html#tls-warnings
  warnings.warn(</msg>
<msg time="2025-10-03T13:26:59.229587" level="INFO">${response} = &lt;Response [200]&gt;</msg>
<var>${response}</var>
<arg>serverest</arg>
<arg>/usuarios/${user_id}</arg>
<arg>headers=${headers}</arg>
<doc>Sends a DELETE request on a previously created HTTP Session.</doc>
<status status="PASS" start="2025-10-03T13:26:59.012266" elapsed="0.217350"/>
</kw>
<kw name="Status Should Be" owner="RequestsLibrary">
<arg>200</arg>
<arg>${response}</arg>
<doc>Fails if response status code is different than the expected.</doc>
<status status="PASS" start="2025-10-03T13:26:59.229828" elapsed="0.000227"/>
</kw>
<return>
<value>${response.json()}</value>
<status status="PASS" start="2025-10-03T13:26:59.230107" elapsed="0.000037"/>
</return>
<arg>${user_to_delete_id}</arg>
<arg>${token}</arg>
<status status="PASS" start="2025-10-03T13:26:59.011726" elapsed="0.218789"/>
</kw>
<kw name="Run Keyword And Expect Error" owner="BuiltIn">
<kw name="Get User By ID" owner="serverest_keywords">
<kw name="GET On Session" owner="RequestsLibrary">
<msg time="2025-10-03T13:26:59.447540" level="INFO">GET Request : url=https://serverest.dev/usuarios/2isVyc81J2RzX5XK 
 path_url=/usuarios/2isVyc81J2RzX5XK 
 headers={'User-Agent': 'python-requests/2.32.5', 'Accept-Encoding': 'gzip, deflate', 'Accept': '*/*', 'Connection': 'keep-alive'} 
 body=None 
 </msg>
<msg time="2025-10-03T13:26:59.447651" level="INFO">GET Response : url=https://serverest.dev/usuarios/2isVyc81J2RzX5XK 
 status=400, reason=Bad Request 
 headers={'access-control-allow-origin': '*', 'x-dns-prefetch-control': 'off', 'x-frame-options': 'SAMEORIGIN', 'strict-transport-security': 'max-age=15552000; includeSubDomains', 'x-download-options': 'noopen', 'x-content-type-options': 'nosniff', 'x-xss-protection': '1; mode=block', 'content-type': 'application/json; charset=utf-8', 'x-cloud-trace-context': '32a1990cc6f00d42165dab6789bd7ca6', 'date': 'Fri, 03 Oct 2025 16:26:59 GMT', 'server': 'Google Frontend', 'Content-Length': '45'} 
 body={
    "message": "Usuário não encontrado"
} 
 </msg>
<msg time="2025-10-03T13:26:59.448101" level="INFO">C:\Users\livia\AppData\Local\Programs\Python\Python313\Lib\site-packages\urllib3\connectionpool.py:1097: InsecureRequestWarning: Unverified HTTPS request is being made to host 'serverest.dev'. Adding certificate verification is strongly advised. See: https://urllib3.readthedocs.io/en/latest/advanced-usage.html#tls-warnings
  warnings.warn(</msg>
<msg time="2025-10-03T13:26:59.448415" level="FAIL">HTTPError: 400 Client Error: Bad Request for url: https://serverest.dev/usuarios/2isVyc81J2RzX5XK</msg>
<var>${response}</var>
<arg>serverest</arg>
<arg>/usuarios/${user_id}</arg>
<doc>Sends a GET request on a previously created HTTP Session.</doc>
<status status="FAIL" start="2025-10-03T13:26:59.231178" elapsed="0.221410">HTTPError: 400 Client Error: Bad Request for url: https://serverest.dev/usuarios/2isVyc81J2RzX5XK</status>
</kw>
<kw name="Status Should Be" owner="RequestsLibrary">
<arg>200</arg>
<arg>${response}</arg>
<doc>Fails if response status code is different than the expected.</doc>
<status status="NOT RUN" start="2025-10-03T13:26:59.452791" elapsed="0.000031"/>
</kw>
<return>
<value>${response.json()}</value>
<status status="NOT RUN" start="2025-10-03T13:26:59.452873" elapsed="0.000021"/>
</return>
<arg>${user_to_delete_id}</arg>
<status status="FAIL" start="2025-10-03T13:26:59.230943" elapsed="0.222062">HTTPError: 400 Client Error: Bad Request for url: https://serverest.dev/usuarios/2isVyc81J2RzX5XK</status>
</kw>
<arg>*HTTPError: 400 Client Error*</arg>
<arg>Get User By ID</arg>
<arg>${user_to_delete_id}</arg>
<doc>Runs the keyword and checks that the expected error occurred.</doc>
<status status="PASS" start="2025-10-03T13:26:59.230770" elapsed="0.222459"/>
</kw>
<tag>AUTH</tag>
<tag>DELETE</tag>
<tag>USUARIOS</tag>
<status status="PASS" start="2025-10-03T13:26:58.576140" elapsed="0.877341"/>
</test>
<test id="s1-t5" name="Cenário 04: [POST] Criar um novo produto com autorização" line="66">
<kw name="Get Auth Token" owner="serverest_keywords">
<kw name="Create Dictionary" owner="BuiltIn">
<msg time="2025-10-03T13:26:59.455209" level="INFO">&amp;{credentials} = { email=admin-hdmqwbhw@qa.com | password=senhaforte }</msg>
<var>&amp;{credentials}</var>
<arg>email=${email}</arg>
<arg>password=${password}</arg>
<doc>Creates and returns a dictionary based on the given ``items``.</doc>
<status status="PASS" start="2025-10-03T13:26:59.454965" elapsed="0.000367"/>
</kw>
<kw name="POST On Session" owner="RequestsLibrary">
<msg time="2025-10-03T13:26:59.664752" level="INFO">POST Request : url=https://serverest.dev/login 
 path_url=/login 
 headers={'User-Agent': 'python-requests/2.32.5', 'Accept-Encoding': 'gzip, deflate', 'Accept': '*/*', 'Connection': 'keep-alive', 'Content-Length': '60', 'Content-Type': 'application/json'} 
 body=b'{"email": "admin-hdmqwbhw@qa.com", "password": "senhaforte"}' 
 </msg>
<msg time="2025-10-03T13:26:59.664825" level="INFO">POST Response : url=https://serverest.dev/login 
 status=200, reason=OK 
 headers={'access-control-allow-origin': '*', 'x-dns-prefetch-control': 'off', 'x-frame-options': 'SAMEORIGIN', 'strict-transport-security': 'max-age=15552000; includeSubDomains', 'x-download-options': 'noopen', 'x-content-type-options': 'nosniff', 'x-xss-protection': '1; mode=block', 'content-type': 'application/json; charset=utf-8', 'x-cloud-trace-context': '2e85868ca7552315165dab6789bd7213', 'date': 'Fri, 03 Oct 2025 16:26:59 GMT', 'server': 'Google Frontend', 'Content-Length': '283'} 
 body={
    "message": "Login realizado com sucesso",
    "authorization": "Bearer eyJhbGciOiJIUzI1NiIsInR5cCI6IkpXVCJ9.eyJlbWFpbCI6ImFkbWluLWhkbXF3Ymh3QHFhLmNvbSIsInBhc3N3b3JkIjoic2VuaGFmb3J0ZSIsImlhdCI6MTc1OTUwODgxOSwiZXhwIjoxNzU5NTA5NDE5fQ.yCP0_ebTJJXS1aDkClF7AhXCsbNi3BDPGHUQhcWmZlg"
} 
 </msg>
<msg time="2025-10-03T13:26:59.664890" level="INFO">C:\Users\livia\AppData\Local\Programs\Python\Python313\Lib\site-packages\urllib3\connectionpool.py:1097: InsecureRequestWarning: Unverified HTTPS request is being made to host 'serverest.dev'. Adding certificate verification is strongly advised. See: https://urllib3.readthedocs.io/en/latest/advanced-usage.html#tls-warnings
  warnings.warn(</msg>
<msg time="2025-10-03T13:26:59.665139" level="INFO">${response} = &lt;Response [200]&gt;</msg>
<var>${response}</var>
<arg>serverest</arg>
<arg>/login</arg>
<arg>json=${credentials}</arg>
<doc>Sends a POST request on a previously created HTTP Session.</doc>
<status status="PASS" start="2025-10-03T13:26:59.455426" elapsed="0.209743"/>
</kw>
<kw name="Status Should Be" owner="RequestsLibrary">
<arg>200</arg>
<arg>${response}</arg>
<doc>Fails if response status code is different than the expected.</doc>
<status status="PASS" start="2025-10-03T13:26:59.665297" elapsed="0.000179"/>
</kw>
<kw name="Set Variable" owner="BuiltIn">
<msg time="2025-10-03T13:26:59.665963" level="INFO">${token} = Bearer eyJhbGciOiJIUzI1NiIsInR5cCI6IkpXVCJ9.eyJlbWFpbCI6ImFkbWluLWhkbXF3Ymh3QHFhLmNvbSIsInBhc3N3b3JkIjoic2VuaGFmb3J0ZSIsImlhdCI6MTc1OTUwODgxOSwiZXhwIjoxNzU5NTA5NDE5fQ.yCP0_ebTJJXS1aDkClF7AhXCsbNi3BDPG...</msg>
<var>${token}</var>
<arg>${response.json()}[authorization]</arg>
<doc>Returns the given values which can then be assigned to a variables.</doc>
<status status="PASS" start="2025-10-03T13:26:59.665565" elapsed="0.000422"/>
</kw>
<kw name="Log" owner="BuiltIn">
<msg time="2025-10-03T13:26:59.666171" level="INFO">Token recebido: Bearer eyJhbGciOiJIUzI1NiIsInR5cCI6IkpXVCJ9.eyJlbWFpbCI6ImFkbWluLWhkbXF3Ymh3QHFhLmNvbSIsInBhc3N3b3JkIjoic2VuaGFmb3J0ZSIsImlhdCI6MTc1OTUwODgxOSwiZXhwIjoxNzU5NTA5NDE5fQ.yCP0_ebTJJXS1aDkClF7AhXCsbNi3BDPGHUQhcWmZlg</msg>
<arg>Token recebido: ${token}</arg>
<doc>Logs the given message with the given level.</doc>
<status status="PASS" start="2025-10-03T13:26:59.666070" elapsed="0.000137"/>
</kw>
<return>
<value>${token}</value>
<status status="PASS" start="2025-10-03T13:26:59.666247" elapsed="0.000029"/>
</return>
<msg time="2025-10-03T13:26:59.666382" level="INFO">${token} = Bearer eyJhbGciOiJIUzI1NiIsInR5cCI6IkpXVCJ9.eyJlbWFpbCI6ImFkbWluLWhkbXF3Ymh3QHFhLmNvbSIsInBhc3N3b3JkIjoic2VuaGFmb3J0ZSIsImlhdCI6MTc1OTUwODgxOSwiZXhwIjoxNzU5NTA5NDE5fQ.yCP0_ebTJJXS1aDkClF7AhXCsbNi3BDPG...</msg>
<var>${token}</var>
<arg>${ADMIN_EMAIL}</arg>
<arg>${ADMIN_PASSWORD}</arg>
<status status="PASS" start="2025-10-03T13:26:59.454194" elapsed="0.212210"/>
</kw>
<kw name="Generate Random String" owner="String">
<msg time="2025-10-03T13:26:59.666764" level="INFO">${random_product} = OM6HhBE3df</msg>
<var>${random_product}</var>
<arg>10</arg>
<doc>Generates a string with a desired ``length`` from the given ``chars``.</doc>
<status status="PASS" start="2025-10-03T13:26:59.666594" elapsed="0.000192"/>
</kw>
<kw name="Create New Product" owner="serverest_keywords">
<kw name="Create Dictionary" owner="BuiltIn">
<msg time="2025-10-03T13:26:59.667660" level="INFO">&amp;{headers} = { Authorization=Bearer eyJhbGciOiJIUzI1NiIsInR5cCI6IkpXVCJ9.eyJlbWFpbCI6ImFkbWluLWhkbXF3Ymh3QHFhLmNvbSIsInBhc3N3b3JkIjoic2VuaGFmb3J0ZSIsImlhdCI6MTc1OTUwODgxOSwiZXhwIjoxNzU5NTA5NDE5fQ.yCP0_ebTJJXS1aDkC...</msg>
<var>&amp;{headers}</var>
<arg>Authorization=${token}</arg>
<doc>Creates and returns a dictionary based on the given ``items``.</doc>
<status status="PASS" start="2025-10-03T13:26:59.667456" elapsed="0.000230"/>
</kw>
<kw name="Create Dictionary" owner="BuiltIn">
<msg time="2025-10-03T13:26:59.668049" level="INFO">&amp;{payload} = { nome=OM6HhBE3df | preco=250 | descricao=Descrição do produto novo | quantidade=100 }</msg>
<var>&amp;{payload}</var>
<arg>nome=${product_name}</arg>
<arg>preco=${price}</arg>
<arg>descricao=${description}</arg>
<arg>quantidade=${quantity}</arg>
<doc>Creates and returns a dictionary based on the given ``items``.</doc>
<status status="PASS" start="2025-10-03T13:26:59.667776" elapsed="0.000298"/>
</kw>
<kw name="POST On Session" owner="RequestsLibrary">
<msg time="2025-10-03T13:26:59.878281" level="INFO">POST Request : url=https://serverest.dev/produtos 
 path_url=/produtos 
 headers={'User-Agent': 'python-requests/2.32.5', 'Accept-Encoding': 'gzip, deflate', 'Accept': '*/*', 'Connection': 'keep-alive', 'Authorization': 'Bearer eyJhbGciOiJIUzI1NiIsInR5cCI6IkpXVCJ9.eyJlbWFpbCI6ImFkbWluLWhkbXF3Ymh3QHFhLmNvbSIsInBhc3N3b3JkIjoic2VuaGFmb3J0ZSIsImlhdCI6MTc1OTUwODgxOSwiZXhwIjoxNzU5NTA5NDE5fQ.yCP0_ebTJJXS1aDkClF7AhXCsbNi3BDPGHUQhcWmZlg', 'Content-Length': '111', 'Content-Type': 'application/json'} 
 body=b'{"nome": "OM6HhBE3df", "preco": "250", "descricao": "Descri\\u00e7\\u00e3o do produto novo", "quantidade": "100"}' 
 </msg>
<msg time="2025-10-03T13:26:59.878354" level="INFO">POST Response : url=https://serverest.dev/produtos 
 status=201, reason=Created 
 headers={'access-control-allow-origin': '*', 'x-dns-prefetch-control': 'off', 'x-frame-options': 'SAMEORIGIN', 'strict-transport-security': 'max-age=15552000; includeSubDomains', 'x-download-options': 'noopen', 'x-content-type-options': 'nosniff', 'x-xss-protection': '1; mode=block', 'content-type': 'application/json; charset=utf-8', 'x-cloud-trace-context': '9eb29d4a7531d77d165dab6789bd7993', 'date': 'Fri, 03 Oct 2025 16:26:59 GMT', 'server': 'Google Frontend', 'Content-Length': '82'} 
 body={
    "message": "Cadastro realizado com sucesso",
    "_id": "nYslpgZgUz426EDO"
} 
 </msg>
<msg time="2025-10-03T13:26:59.878410" level="INFO">C:\Users\livia\AppData\Local\Programs\Python\Python313\Lib\site-packages\urllib3\connectionpool.py:1097: InsecureRequestWarning: Unverified HTTPS request is being made to host 'serverest.dev'. Adding certificate verification is strongly advised. See: https://urllib3.readthedocs.io/en/latest/advanced-usage.html#tls-warnings
  warnings.warn(</msg>
<msg time="2025-10-03T13:26:59.878747" level="INFO">${response} = &lt;Response [201]&gt;</msg>
<var>${response}</var>
<arg>serverest</arg>
<arg>/produtos</arg>
<arg>headers=${headers}</arg>
<arg>json=${payload}</arg>
<doc>Sends a POST request on a previously created HTTP Session.</doc>
<status status="PASS" start="2025-10-03T13:26:59.668165" elapsed="0.210618"/>
</kw>
<kw name="Status Should Be" owner="RequestsLibrary">
<arg>201</arg>
<arg>${response}</arg>
<doc>Fails if response status code is different than the expected.</doc>
<status status="PASS" start="2025-10-03T13:26:59.878920" elapsed="0.000169"/>
</kw>
<kw name="Log" owner="BuiltIn">
<msg time="2025-10-03T13:26:59.879608" level="INFO">Produto criado com sucesso: {'message': 'Cadastro realizado com sucesso', '_id': 'nYslpgZgUz426EDO'}</msg>
<arg>Produto criado com sucesso: ${response.json()}</arg>
<doc>Logs the given message with the given level.</doc>
<status status="PASS" start="2025-10-03T13:26:59.879227" elapsed="0.000421"/>
</kw>
<return>
<value>${response.json()}[_id]</value>
<status status="PASS" start="2025-10-03T13:26:59.879690" elapsed="0.000031"/>
</return>
<msg time="2025-10-03T13:26:59.880080" level="INFO">${product_id} = nYslpgZgUz426EDO</msg>
<var>${product_id}</var>
<arg>${token}</arg>
<arg>${random_product}</arg>
<arg>250</arg>
<arg>Descrição do produto novo</arg>
<arg>100</arg>
<status status="PASS" start="2025-10-03T13:26:59.667143" elapsed="0.212961"/>
</kw>
<kw name="Should Not Be Empty" owner="BuiltIn">
<msg time="2025-10-03T13:26:59.880449" level="INFO">Length is 16.</msg>
<arg>${product_id}</arg>
<doc>Verifies that the given item is not empty.</doc>
<status status="PASS" start="2025-10-03T13:26:59.880341" elapsed="0.000147"/>
</kw>
<tag>AUTH</tag>
<tag>POST</tag>
<tag>PRODUTOS</tag>
<status status="PASS" start="2025-10-03T13:26:59.453793" elapsed="0.426906"/>
</test>
<test id="s1-t6" name="Cenário 05: [POST] Tentar criar produto sem autorização" line="80">
<kw name="Generate Random String" owner="String">
<msg time="2025-10-03T13:26:59.881940" level="INFO">${random_product} = 9IVuJ2yMAU</msg>
<var>${random_product}</var>
<arg>10</arg>
<doc>Generates a string with a desired ``length`` from the given ``chars``.</doc>
<status status="PASS" start="2025-10-03T13:26:59.881719" elapsed="0.000265"/>
</kw>
<kw name="Run Keyword And Expect Error" owner="BuiltIn">
<kw name="Create New Product" owner="serverest_keywords">
<kw name="Create Dictionary" owner="BuiltIn">
<msg time="2025-10-03T13:26:59.883247" level="INFO">&amp;{headers} = { Authorization= }</msg>
<var>&amp;{headers}</var>
<arg>Authorization=${token}</arg>
<doc>Creates and returns a dictionary based on the given ``items``.</doc>
<status status="PASS" start="2025-10-03T13:26:59.883063" elapsed="0.000206"/>
</kw>
<kw name="Create Dictionary" owner="BuiltIn">
<msg time="2025-10-03T13:26:59.883609" level="INFO">&amp;{payload} = { nome=9IVuJ2yMAU | preco=300 | descricao=Produto sem token | quantidade=50 }</msg>
<var>&amp;{payload}</var>
<arg>nome=${product_name}</arg>
<arg>preco=${price}</arg>
<arg>descricao=${description}</arg>
<arg>quantidade=${quantity}</arg>
<doc>Creates and returns a dictionary based on the given ``items``.</doc>
<status status="PASS" start="2025-10-03T13:26:59.883353" elapsed="0.000279"/>
</kw>
<kw name="POST On Session" owner="RequestsLibrary">
<msg time="2025-10-03T13:27:00.090970" level="INFO">POST Request : url=https://serverest.dev/produtos 
 path_url=/produtos 
 headers={'User-Agent': 'python-requests/2.32.5', 'Accept-Encoding': 'gzip, deflate', 'Accept': '*/*', 'Connection': 'keep-alive', 'Authorization': '', 'Content-Length': '92', 'Content-Type': 'application/json'} 
 body=b'{"nome": "9IVuJ2yMAU", "preco": "300", "descricao": "Produto sem token", "quantidade": "50"}' 
 </msg>
<msg time="2025-10-03T13:27:00.091043" level="INFO">POST Response : url=https://serverest.dev/produtos 
 status=401, reason=Unauthorized 
 headers={'access-control-allow-origin': '*', 'x-dns-prefetch-control': 'off', 'x-frame-options': 'SAMEORIGIN', 'strict-transport-security': 'max-age=15552000; includeSubDomains', 'x-download-options': 'noopen', 'x-content-type-options': 'nosniff', 'x-xss-protection': '1; mode=block', 'content-type': 'application/json; charset=utf-8', 'x-cloud-trace-context': 'fead87fee0500c7d165dab6789bd7ee7', 'date': 'Fri, 03 Oct 2025 16:26:59 GMT', 'server': 'Google Frontend', 'Content-Length': '103'} 
 body={
    "message": "Token de acesso ausente, inválido, expirado ou usuário do token não existe mais"
} 
 </msg>
<msg time="2025-10-03T13:27:00.091108" level="INFO">C:\Users\livia\AppData\Local\Programs\Python\Python313\Lib\site-packages\urllib3\connectionpool.py:1097: InsecureRequestWarning: Unverified HTTPS request is being made to host 'serverest.dev'. Adding certificate verification is strongly advised. See: https://urllib3.readthedocs.io/en/latest/advanced-usage.html#tls-warnings
  warnings.warn(</msg>
<msg time="2025-10-03T13:27:00.091415" level="FAIL">HTTPError: 401 Client Error: Unauthorized for url: https://serverest.dev/produtos</msg>
<var>${response}</var>
<arg>serverest</arg>
<arg>/produtos</arg>
<arg>headers=${headers}</arg>
<arg>json=${payload}</arg>
<doc>Sends a POST request on a previously created HTTP Session.</doc>
<status status="FAIL" start="2025-10-03T13:26:59.883717" elapsed="0.208356">HTTPError: 401 Client Error: Unauthorized for url: https://serverest.dev/produtos</status>
</kw>
<kw name="Status Should Be" owner="RequestsLibrary">
<arg>201</arg>
<arg>${response}</arg>
<doc>Fails if response status code is different than the expected.</doc>
<status status="NOT RUN" start="2025-10-03T13:27:00.092208" elapsed="0.000024"/>
</kw>
<kw name="Log" owner="BuiltIn">
<arg>Produto criado com sucesso: ${response.json()}</arg>
<doc>Logs the given message with the given level.</doc>
<status status="NOT RUN" start="2025-10-03T13:27:00.092307" elapsed="0.000016"/>
</kw>
<return>
<value>${response.json()}[_id]</value>
<status status="NOT RUN" start="2025-10-03T13:27:00.092357" elapsed="0.000017"/>
</return>
<arg>${EMPTY}</arg>
<arg>${random_product}</arg>
<arg>300</arg>
<arg>Produto sem token</arg>
<arg>50</arg>
<status status="FAIL" start="2025-10-03T13:26:59.882522" elapsed="0.209937">HTTPError: 401 Client Error: Unauthorized for url: https://serverest.dev/produtos</status>
</kw>
<arg>*HTTPError: 401 Client Error*</arg>
<arg>Create New Product</arg>
<arg>${EMPTY}</arg>
<arg>${random_product}</arg>
<arg>300</arg>
<arg>Produto sem token</arg>
<arg>50</arg>
<doc>Runs the keyword and checks that the expected error occurred.</doc>
<status status="PASS" start="2025-10-03T13:26:59.882277" elapsed="0.210375"/>
</kw>
<tag>AUTH</tag>
<tag>NEGATIVE</tag>
<tag>PRODUTOS</tag>
<status status="PASS" start="2025-10-03T13:26:59.881351" elapsed="0.211533"/>
</test>
<test id="s1-t7" name="Cenário 06: [POST] Tentar autenticar com credenciais inválidas" line="94">
<kw name="Run Keyword And Expect Error" owner="BuiltIn">
<kw name="Get Auth Token" owner="serverest_keywords">
<kw name="Create Dictionary" owner="BuiltIn">
<msg time="2025-10-03T13:27:00.094484" level="INFO">&amp;{credentials} = { email=email@invalido.com | password=senhaerrada }</msg>
<var>&amp;{credentials}</var>
<arg>email=${email}</arg>
<arg>password=${password}</arg>
<doc>Creates and returns a dictionary based on the given ``items``.</doc>
<status status="PASS" start="2025-10-03T13:27:00.094265" elapsed="0.000243"/>
</kw>
<kw name="POST On Session" owner="RequestsLibrary">
<msg time="2025-10-03T13:27:00.302001" level="INFO">POST Request : url=https://serverest.dev/login 
 path_url=/login 
 headers={'User-Agent': 'python-requests/2.32.5', 'Accept-Encoding': 'gzip, deflate', 'Accept': '*/*', 'Connection': 'keep-alive', 'Content-Length': '58', 'Content-Type': 'application/json'} 
 body=b'{"email": "email@invalido.com", "password": "senhaerrada"}' 
 </msg>
<msg time="2025-10-03T13:27:00.302084" level="INFO">POST Response : url=https://serverest.dev/login 
 status=401, reason=Unauthorized 
 headers={'access-control-allow-origin': '*', 'x-dns-prefetch-control': 'off', 'x-frame-options': 'SAMEORIGIN', 'strict-transport-security': 'max-age=15552000; includeSubDomains', 'x-download-options': 'noopen', 'x-content-type-options': 'nosniff', 'x-xss-protection': '1; mode=block', 'content-type': 'application/json; charset=utf-8', 'x-cloud-trace-context': 'ac3b97001245d2b2165dab6789bd70c6', 'date': 'Fri, 03 Oct 2025 16:27:00 GMT', 'server': 'Google Frontend', 'Content-Length': '48'} 
 body={
    "message": "Email e/ou senha inválidos"
} 
 </msg>
<msg time="2025-10-03T13:27:00.302265" level="INFO">C:\Users\livia\AppData\Local\Programs\Python\Python313\Lib\site-packages\urllib3\connectionpool.py:1097: InsecureRequestWarning: Unverified HTTPS request is being made to host 'serverest.dev'. Adding certificate verification is strongly advised. See: https://urllib3.readthedocs.io/en/latest/advanced-usage.html#tls-warnings
  warnings.warn(</msg>
<msg time="2025-10-03T13:27:00.302580" level="FAIL">HTTPError: 401 Client Error: Unauthorized for url: https://serverest.dev/login</msg>
<var>${response}</var>
<arg>serverest</arg>
<arg>/login</arg>
<arg>json=${credentials}</arg>
<doc>Sends a POST request on a previously created HTTP Session.</doc>
<status status="FAIL" start="2025-10-03T13:27:00.094588" elapsed="0.208676">HTTPError: 401 Client Error: Unauthorized for url: https://serverest.dev/login</status>
</kw>
<kw name="Status Should Be" owner="RequestsLibrary">
<arg>200</arg>
<arg>${response}</arg>
<doc>Fails if response status code is different than the expected.</doc>
<status status="NOT RUN" start="2025-10-03T13:27:00.303405" elapsed="0.000024"/>
</kw>
<kw name="Set Variable" owner="BuiltIn">
<var>${token}</var>
<arg>${response.json()}[authorization]</arg>
<doc>Returns the given values which can then be assigned to a variables.</doc>
<status status="NOT RUN" start="2025-10-03T13:27:00.303507" elapsed="0.000016"/>
</kw>
<kw name="Log" owner="BuiltIn">
<arg>Token recebido: ${token}</arg>
<doc>Logs the given message with the given level.</doc>
<status status="NOT RUN" start="2025-10-03T13:27:00.303595" elapsed="0.000015"/>
</kw>
<return>
<value>${token}</value>
<status status="NOT RUN" start="2025-10-03T13:27:00.303646" elapsed="0.000016"/>
</return>
<arg>email@invalido.com</arg>
<arg>senhaerrada</arg>
<status status="FAIL" start="2025-10-03T13:27:00.094060" elapsed="0.209684">HTTPError: 401 Client Error: Unauthorized for url: https://serverest.dev/login</status>
</kw>
<arg>*HTTPError: 401 Client Error*</arg>
<arg>Get Auth Token</arg>
<arg>email@invalido.com</arg>
<arg>senhaerrada</arg>
<doc>Runs the keyword and checks that the expected error occurred.</doc>
<status status="PASS" start="2025-10-03T13:27:00.093882" elapsed="0.209960"/>
</kw>
<tag>AUTH</tag>
<tag>NEGATIVE</tag>
<status status="PASS" start="2025-10-03T13:27:00.093482" elapsed="0.210592"/>
</test>
<test id="s1-t8" name="Cenário 07: [POST] Tentar criar usuário com e-mail do Gmail (ESPERADO FALHAR)" line="100">
<kw name="Generate Random String" owner="String">
<msg time="2025-10-03T13:27:00.305343" level="INFO">${random_name} = ogrhofia</msg>
<var>${random_name}</var>
<arg>8</arg>
<arg>[LOWER]</arg>
<doc>Generates a string with a desired ``length`` from the given ``chars``.</doc>
<status status="PASS" start="2025-10-03T13:27:00.305141" elapsed="0.000224"/>
</kw>
<kw name="Set Variable" owner="BuiltIn">
<msg time="2025-10-03T13:27:00.305766" level="INFO">${gmail_email} = fail-ogrhofia@gmail.com</msg>
<var>${gmail_email}</var>
<arg>fail-${random_name}@gmail.com</arg>
<doc>Returns the given values which can then be assigned to a variables.</doc>
<status status="PASS" start="2025-10-03T13:27:00.305626" elapsed="0.000161"/>
</kw>
<kw name="Run Keyword And Expect Error" owner="BuiltIn">
<kw name="Create New User" owner="serverest_keywords">
<kw name="Create Dictionary" owner="BuiltIn">
<msg time="2025-10-03T13:27:00.306701" level="INFO">&amp;{payload} = { nome=Usuario Gmail | email=fail-ogrhofia@gmail.com | password=senha123 | administrador=false }</msg>
<var>&amp;{payload}</var>
<arg>nome=${name}</arg>
<arg>email=${email}</arg>
<arg>password=${password}</arg>
<arg>administrador=${is_admin}</arg>
<doc>Creates and returns a dictionary based on the given ``items``.</doc>
<status status="PASS" start="2025-10-03T13:27:00.306429" elapsed="0.000296"/>
</kw>
<kw name="POST On Session" owner="RequestsLibrary">
<msg time="2025-10-03T13:27:00.521586" level="INFO">POST Request : url=https://serverest.dev/usuarios 
 path_url=/usuarios 
 headers={'User-Agent': 'python-requests/2.32.5', 'Accept-Encoding': 'gzip, deflate', 'Accept': '*/*', 'Connection': 'keep-alive', 'Content-Length': '111', 'Content-Type': 'application/json'} 
 body=b'{"nome": "Usuario Gmail", "email": "fail-ogrhofia@gmail.com", "password": "senha123", "administrador": "false"}' 
 </msg>
<msg time="2025-10-03T13:27:00.521848" level="INFO">POST Response : url=https://serverest.dev/usuarios 
 status=201, reason=Created 
 headers={'access-control-allow-origin': '*', 'x-dns-prefetch-control': 'off', 'x-frame-options': 'SAMEORIGIN', 'strict-transport-security': 'max-age=15552000; includeSubDomains', 'x-download-options': 'noopen', 'x-content-type-options': 'nosniff', 'x-xss-protection': '1; mode=block', 'content-type': 'application/json; charset=utf-8', 'x-cloud-trace-context': '322208d4987505ed165dab6789bd736f', 'date': 'Fri, 03 Oct 2025 16:27:00 GMT', 'server': 'Google Frontend', 'Content-Length': '82'} 
 body={
    "message": "Cadastro realizado com sucesso",
    "_id": "MLHxKXFzkmp3VAbS"
} 
 </msg>
<msg time="2025-10-03T13:27:00.522081" level="INFO">C:\Users\livia\AppData\Local\Programs\Python\Python313\Lib\site-packages\urllib3\connectionpool.py:1097: InsecureRequestWarning: Unverified HTTPS request is being made to host 'serverest.dev'. Adding certificate verification is strongly advised. See: https://urllib3.readthedocs.io/en/latest/advanced-usage.html#tls-warnings
  warnings.warn(</msg>
<msg time="2025-10-03T13:27:00.522921" level="INFO">${response} = &lt;Response [201]&gt;</msg>
<var>${response}</var>
<arg>serverest</arg>
<arg>/usuarios</arg>
<arg>json=${payload}</arg>
<doc>Sends a POST request on a previously created HTTP Session.</doc>
<status status="PASS" start="2025-10-03T13:27:00.306813" elapsed="0.216234"/>
</kw>
<kw name="Status Should Be" owner="RequestsLibrary">
<arg>201</arg>
<arg>${response}</arg>
<doc>Fails if response status code is different than the expected.</doc>
<status status="PASS" start="2025-10-03T13:27:00.523509" elapsed="0.000636"/>
</kw>
<kw name="Log" owner="BuiltIn">
<msg time="2025-10-03T13:27:00.525713" level="INFO">Usuário criado com sucesso: {'message': 'Cadastro realizado com sucesso', '_id': 'MLHxKXFzkmp3VAbS'}</msg>
<arg>Usuário criado com sucesso: ${response.json()}</arg>
<doc>Logs the given message with the given level.</doc>
<status status="PASS" start="2025-10-03T13:27:00.524535" elapsed="0.001218"/>
</kw>
<return>
<value>${response.json()}[_id]</value>
<status status="PASS" start="2025-10-03T13:27:00.525797" elapsed="0.000030"/>
</return>
<arg>Usuario Gmail</arg>
<arg>${gmail_email}</arg>
<arg>senha123</arg>
<arg>false</arg>
<status status="PASS" start="2025-10-03T13:27:00.306190" elapsed="0.219949"/>
</kw>
<msg time="2025-10-03T13:27:00.526216" level="FAIL">Expected error '*HTTPError: 400 Client Error*' did not occur.</msg>
<arg>*HTTPError: 400 Client Error*</arg>
<arg>Create New User</arg>
<arg>Usuario Gmail</arg>
<arg>${gmail_email}</arg>
<arg>senha123</arg>
<arg>false</arg>
<doc>Runs the keyword and checks that the expected error occurred.</doc>
<status status="FAIL" start="2025-10-03T13:27:00.306019" elapsed="0.220256">Expected error '*HTTPError: 400 Client Error*' did not occur.</status>
</kw>
<tag>NEGATIVE</tag>
<tag>RULES</tag>
<status status="FAIL" start="2025-10-03T13:27:00.304745" elapsed="0.221789">Expected error '*HTTPError: 400 Client Error*' did not occur.</status>
</test>
<test id="s1-t9" name="Cenário 08: [POST] Tentar criar usuário com e-mail do Hotmail (ESPERADO FALHAR)" line="114">
<kw name="Generate Random String" owner="String">
<msg time="2025-10-03T13:27:00.527902" level="INFO">${random_name} = nnwandmm</msg>
<var>${random_name}</var>
<arg>8</arg>
<arg>[LOWER]</arg>
<doc>Generates a string with a desired ``length`` from the given ``chars``.</doc>
<status status="PASS" start="2025-10-03T13:27:00.527725" elapsed="0.000202"/>
</kw>
<kw name="Set Variable" owner="BuiltIn">
<msg time="2025-10-03T13:27:00.528255" level="INFO">${hotmail_email} = fail-nnwandmm@hotmail.com</msg>
<var>${hotmail_email}</var>
<arg>fail-${random_name}@hotmail.com</arg>
<doc>Returns the given values which can then be assigned to a variables.</doc>
<status status="PASS" start="2025-10-03T13:27:00.528116" elapsed="0.000210"/>
</kw>
<kw name="Run Keyword And Expect Error" owner="BuiltIn">
<kw name="Create New User" owner="serverest_keywords">
<kw name="Create Dictionary" owner="BuiltIn">
<msg time="2025-10-03T13:27:00.529246" level="INFO">&amp;{payload} = { nome=Usuario Hotmail | email=fail-nnwandmm@hotmail.com | password=senha123 | administrador=false }</msg>
<var>&amp;{payload}</var>
<arg>nome=${name}</arg>
<arg>email=${email}</arg>
<arg>password=${password}</arg>
<arg>administrador=${is_admin}</arg>
<doc>Creates and returns a dictionary based on the given ``items``.</doc>
<status status="PASS" start="2025-10-03T13:27:00.528955" elapsed="0.000315"/>
</kw>
<kw name="POST On Session" owner="RequestsLibrary">
<msg time="2025-10-03T13:27:00.738985" level="INFO">POST Request : url=https://serverest.dev/usuarios 
 path_url=/usuarios 
 headers={'User-Agent': 'python-requests/2.32.5', 'Accept-Encoding': 'gzip, deflate', 'Accept': '*/*', 'Connection': 'keep-alive', 'Content-Length': '115', 'Content-Type': 'application/json'} 
 body=b'{"nome": "Usuario Hotmail", "email": "fail-nnwandmm@hotmail.com", "password": "senha123", "administrador": "false"}' 
 </msg>
<msg time="2025-10-03T13:27:00.739287" level="INFO">POST Response : url=https://serverest.dev/usuarios 
 status=201, reason=Created 
 headers={'access-control-allow-origin': '*', 'x-dns-prefetch-control': 'off', 'x-frame-options': 'SAMEORIGIN', 'strict-transport-security': 'max-age=15552000; includeSubDomains', 'x-download-options': 'noopen', 'x-content-type-options': 'nosniff', 'x-xss-protection': '1; mode=block', 'content-type': 'application/json; charset=utf-8', 'x-cloud-trace-context': '3e23264294bb26a4165dab6789bd78dc', 'date': 'Fri, 03 Oct 2025 16:27:00 GMT', 'server': 'Google Frontend', 'Content-Length': '82'} 
 body={
    "message": "Cadastro realizado com sucesso",
    "_id": "KZuxyWfYsPfk8IUl"
} 
 </msg>
<msg time="2025-10-03T13:27:00.739526" level="INFO">C:\Users\livia\AppData\Local\Programs\Python\Python313\Lib\site-packages\urllib3\connectionpool.py:1097: InsecureRequestWarning: Unverified HTTPS request is being made to host 'serverest.dev'. Adding certificate verification is strongly advised. See: https://urllib3.readthedocs.io/en/latest/advanced-usage.html#tls-warnings
  warnings.warn(</msg>
<msg time="2025-10-03T13:27:00.740446" level="INFO">${response} = &lt;Response [201]&gt;</msg>
<var>${response}</var>
<arg>serverest</arg>
<arg>/usuarios</arg>
<arg>json=${payload}</arg>
<doc>Sends a POST request on a previously created HTTP Session.</doc>
<status status="PASS" start="2025-10-03T13:27:00.529360" elapsed="0.211227"/>
</kw>
<kw name="Status Should Be" owner="RequestsLibrary">
<arg>201</arg>
<arg>${response}</arg>
<doc>Fails if response status code is different than the expected.</doc>
<status status="PASS" start="2025-10-03T13:27:00.741103" elapsed="0.000700"/>
</kw>
<kw name="Log" owner="BuiltIn">
<msg time="2025-10-03T13:27:00.744137" level="INFO">Usuário criado com sucesso: {'message': 'Cadastro realizado com sucesso', '_id': 'KZuxyWfYsPfk8IUl'}</msg>
<arg>Usuário criado com sucesso: ${response.json()}</arg>
<doc>Logs the given message with the given level.</doc>
<status status="PASS" start="2025-10-03T13:27:00.742254" elapsed="0.002202"/>
</kw>
<return>
<value>${response.json()}[_id]</value>
<status status="PASS" start="2025-10-03T13:27:00.744701" elapsed="0.000135"/>
</return>
<arg>Usuario Hotmail</arg>
<arg>${hotmail_email}</arg>
<arg>senha123</arg>
<arg>false</arg>
<status status="PASS" start="2025-10-03T13:27:00.528710" elapsed="0.217773"/>
</kw>
<msg time="2025-10-03T13:27:00.746867" level="FAIL">Expected error '*HTTPError: 400 Client Error*' did not occur.</msg>
<arg>*HTTPError: 400 Client Error*</arg>
<arg>Create New User</arg>
<arg>Usuario Hotmail</arg>
<arg>${hotmail_email}</arg>
<arg>senha123</arg>
<arg>false</arg>
<doc>Runs the keyword and checks that the expected error occurred.</doc>
<status status="FAIL" start="2025-10-03T13:27:00.528547" elapsed="0.218595">Expected error '*HTTPError: 400 Client Error*' did not occur.</status>
</kw>
<tag>NEGATIVE</tag>
<tag>RULES</tag>
<status status="FAIL" start="2025-10-03T13:27:00.527331" elapsed="0.220828">Expected error '*HTTPError: 400 Client Error*' did not occur.</status>
</test>
<test id="s1-t10" name="Cenário 09: [POST] Tentar criar usuário com senha menor que 5 caracteres (ESPERADO FALHAR)" line="128">
<kw name="Generate Random String" owner="String">
<msg time="2025-10-03T13:27:00.753246" level="INFO">${random_name} = gznhtsdi</msg>
<var>${random_name}</var>
<arg>8</arg>
<arg>[LOWER]</arg>
<doc>Generates a string with a desired ``length`` from the given ``chars``.</doc>
<status status="PASS" start="2025-10-03T13:27:00.752408" elapsed="0.000980"/>
</kw>
<kw name="Set Variable" owner="BuiltIn">
<msg time="2025-10-03T13:27:00.754972" level="INFO">${short_pass_email} = shortpass-gznhtsdi@qa.com</msg>
<var>${short_pass_email}</var>
<arg>shortpass-${random_name}@qa.com</arg>
<doc>Returns the given values which can then be assigned to a variables.</doc>
<status status="PASS" start="2025-10-03T13:27:00.754315" elapsed="0.000761"/>
</kw>
<kw name="Run Keyword And Expect Error" owner="BuiltIn">
<kw name="Create New User" owner="serverest_keywords">
<kw name="Create Dictionary" owner="BuiltIn">
<msg time="2025-10-03T13:27:00.759663" level="INFO">&amp;{payload} = { nome=Usuario Senha Curta | email=shortpass-gznhtsdi@qa.com | password=1234 | administrador=false }</msg>
<var>&amp;{payload}</var>
<arg>nome=${name}</arg>
<arg>email=${email}</arg>
<arg>password=${password}</arg>
<arg>administrador=${is_admin}</arg>
<doc>Creates and returns a dictionary based on the given ``items``.</doc>
<status status="PASS" start="2025-10-03T13:27:00.758166" elapsed="0.001586"/>
</kw>
<kw name="POST On Session" owner="RequestsLibrary">
<msg time="2025-10-03T13:27:00.979216" level="INFO">POST Request : url=https://serverest.dev/usuarios 
 path_url=/usuarios 
 headers={'User-Agent': 'python-requests/2.32.5', 'Accept-Encoding': 'gzip, deflate', 'Accept': '*/*', 'Connection': 'keep-alive', 'Content-Length': '115', 'Content-Type': 'application/json'} 
 body=b'{"nome": "Usuario Senha Curta", "email": "shortpass-gznhtsdi@qa.com", "password": "1234", "administrador": "false"}' 
 </msg>
<msg time="2025-10-03T13:27:00.979368" level="INFO">POST Response : url=https://serverest.dev/usuarios 
 status=201, reason=Created 
 headers={'access-control-allow-origin': '*', 'x-dns-prefetch-control': 'off', 'x-frame-options': 'SAMEORIGIN', 'strict-transport-security': 'max-age=15552000; includeSubDomains', 'x-download-options': 'noopen', 'x-content-type-options': 'nosniff', 'x-xss-protection': '1; mode=block', 'content-type': 'application/json; charset=utf-8', 'x-cloud-trace-context': '1450398638fc1010165dab6789bd70f4', 'date': 'Fri, 03 Oct 2025 16:27:00 GMT', 'server': 'Google Frontend', 'Content-Length': '82'} 
 body={
    "message": "Cadastro realizado com sucesso",
    "_id": "tPvzW9XSP2moOlc4"
} 
 </msg>
<msg time="2025-10-03T13:27:00.979490" level="INFO">C:\Users\livia\AppData\Local\Programs\Python\Python313\Lib\site-packages\urllib3\connectionpool.py:1097: InsecureRequestWarning: Unverified HTTPS request is being made to host 'serverest.dev'. Adding certificate verification is strongly advised. See: https://urllib3.readthedocs.io/en/latest/advanced-usage.html#tls-warnings
  warnings.warn(</msg>
<msg time="2025-10-03T13:27:00.980017" level="INFO">${response} = &lt;Response [201]&gt;</msg>
<var>${response}</var>
<arg>serverest</arg>
<arg>/usuarios</arg>
<arg>json=${payload}</arg>
<doc>Sends a POST request on a previously created HTTP Session.</doc>
<status status="PASS" start="2025-10-03T13:27:00.760057" elapsed="0.220030"/>
</kw>
<kw name="Status Should Be" owner="RequestsLibrary">
<arg>201</arg>
<arg>${response}</arg>
<doc>Fails if response status code is different than the expected.</doc>
<status status="PASS" start="2025-10-03T13:27:00.980349" elapsed="0.000357"/>
</kw>
<kw name="Log" owner="BuiltIn">
<msg time="2025-10-03T13:27:00.981882" level="INFO">Usuário criado com sucesso: {'message': 'Cadastro realizado com sucesso', '_id': 'tPvzW9XSP2moOlc4'}</msg>
<arg>Usuário criado com sucesso: ${response.json()}</arg>
<doc>Logs the given message with the given level.</doc>
<status status="PASS" start="2025-10-03T13:27:00.981024" elapsed="0.000938"/>
</kw>
<return>
<value>${response.json()}[_id]</value>
<status status="PASS" start="2025-10-03T13:27:00.982046" elapsed="0.000055"/>
</return>
<arg>Usuario Senha Curta</arg>
<arg>${short_pass_email}</arg>
<arg>1234</arg>
<arg>false</arg>
<status status="PASS" start="2025-10-03T13:27:00.756631" elapsed="0.226091"/>
</kw>
<msg time="2025-10-03T13:27:00.982873" level="FAIL">Expected error '*HTTPError: 400 Client Error*' did not occur.</msg>
<arg>*HTTPError: 400 Client Error*</arg>
<arg>Create New User</arg>
<arg>Usuario Senha Curta</arg>
<arg>${short_pass_email}</arg>
<arg>1234</arg>
<arg>false</arg>
<doc>Runs the keyword and checks that the expected error occurred.</doc>
<status status="FAIL" start="2025-10-03T13:27:00.755888" elapsed="0.227093">Expected error '*HTTPError: 400 Client Error*' did not occur.</status>
</kw>
<tag>NEGATIVE</tag>
<tag>RULES</tag>
<status status="FAIL" start="2025-10-03T13:27:00.750595" elapsed="0.232839">Expected error '*HTTPError: 400 Client Error*' did not occur.</status>
</test>
<test id="s1-t11" name="Cenário 10: [POST] Tentar criar usuário com senha maior que 10 caracteres (ESPERADO FALHAR)" line="142">
<kw name="Generate Random String" owner="String">
<msg time="2025-10-03T13:27:00.985616" level="INFO">${random_name} = tjqixrri</msg>
<var>${random_name}</var>
<arg>8</arg>
<arg>[LOWER]</arg>
<doc>Generates a string with a desired ``length`` from the given ``chars``.</doc>
<status status="PASS" start="2025-10-03T13:27:00.985242" elapsed="0.000422"/>
</kw>
<kw name="Set Variable" owner="BuiltIn">
<msg time="2025-10-03T13:27:00.986352" level="INFO">${long_pass_email} = longpass-tjqixrri@qa.com</msg>
<var>${long_pass_email}</var>
<arg>longpass-${random_name}@qa.com</arg>
<doc>Returns the given values which can then be assigned to a variables.</doc>
<status status="PASS" start="2025-10-03T13:27:00.986040" elapsed="0.000357"/>
</kw>
<kw name="Run Keyword And Expect Error" owner="BuiltIn">
<kw name="Create New User" owner="serverest_keywords">
<kw name="Create Dictionary" owner="BuiltIn">
<msg time="2025-10-03T13:27:00.987961" level="INFO">&amp;{payload} = { nome=Usuario Senha Longa | email=longpass-tjqixrri@qa.com | password=12345678901 | administrador=false }</msg>
<var>&amp;{payload}</var>
<arg>nome=${name}</arg>
<arg>email=${email}</arg>
<arg>password=${password}</arg>
<arg>administrador=${is_admin}</arg>
<doc>Creates and returns a dictionary based on the given ``items``.</doc>
<status status="PASS" start="2025-10-03T13:27:00.987471" elapsed="0.000533"/>
</kw>
<kw name="POST On Session" owner="RequestsLibrary">
<msg time="2025-10-03T13:27:01.196512" level="INFO">POST Request : url=https://serverest.dev/usuarios 
 path_url=/usuarios 
 headers={'User-Agent': 'python-requests/2.32.5', 'Accept-Encoding': 'gzip, deflate', 'Accept': '*/*', 'Connection': 'keep-alive', 'Content-Length': '121', 'Content-Type': 'application/json'} 
 body=b'{"nome": "Usuario Senha Longa", "email": "longpass-tjqixrri@qa.com", "password": "12345678901", "administrador": "false"}' 
 </msg>
<msg time="2025-10-03T13:27:01.196585" level="INFO">POST Response : url=https://serverest.dev/usuarios 
 status=201, reason=Created 
 headers={'access-control-allow-origin': '*', 'x-dns-prefetch-control': 'off', 'x-frame-options': 'SAMEORIGIN', 'strict-transport-security': 'max-age=15552000; includeSubDomains', 'x-download-options': 'noopen', 'x-content-type-options': 'nosniff', 'x-xss-protection': '1; mode=block', 'content-type': 'application/json; charset=utf-8', 'x-cloud-trace-context': '106dea745c4e794c165dab6789bd744e', 'date': 'Fri, 03 Oct 2025 16:27:00 GMT', 'server': 'Google Frontend', 'Content-Length': '82'} 
 body={
    "message": "Cadastro realizado com sucesso",
    "_id": "VgOIedM5qkBGe5g0"
} 
 </msg>
<msg time="2025-10-03T13:27:01.196639" level="INFO">C:\Users\livia\AppData\Local\Programs\Python\Python313\Lib\site-packages\urllib3\connectionpool.py:1097: InsecureRequestWarning: Unverified HTTPS request is being made to host 'serverest.dev'. Adding certificate verification is strongly advised. See: https://urllib3.readthedocs.io/en/latest/advanced-usage.html#tls-warnings
  warnings.warn(</msg>
<msg time="2025-10-03T13:27:01.196942" level="INFO">${response} = &lt;Response [201]&gt;</msg>
<var>${response}</var>
<arg>serverest</arg>
<arg>/usuarios</arg>
<arg>json=${payload}</arg>
<doc>Sends a POST request on a previously created HTTP Session.</doc>
<status status="PASS" start="2025-10-03T13:27:00.988153" elapsed="0.208817"/>
</kw>
<kw name="Status Should Be" owner="RequestsLibrary">
<arg>201</arg>
<arg>${response}</arg>
<doc>Fails if response status code is different than the expected.</doc>
<status status="PASS" start="2025-10-03T13:27:01.197104" elapsed="0.000159"/>
</kw>
<kw name="Log" owner="BuiltIn">
<msg time="2025-10-03T13:27:01.197720" level="INFO">Usuário criado com sucesso: {'message': 'Cadastro realizado com sucesso', '_id': 'VgOIedM5qkBGe5g0'}</msg>
<arg>Usuário criado com sucesso: ${response.json()}</arg>
<doc>Logs the given message with the given level.</doc>
<status status="PASS" start="2025-10-03T13:27:01.197354" elapsed="0.000406"/>
</kw>
<return>
<value>${response.json()}[_id]</value>
<status status="PASS" start="2025-10-03T13:27:01.197805" elapsed="0.000030"/>
</return>
<arg>Usuario Senha Longa</arg>
<arg>${long_pass_email}</arg>
<arg>12345678901</arg>
<arg>false</arg>
<status status="PASS" start="2025-10-03T13:27:00.987058" elapsed="0.211087"/>
</kw>
<msg time="2025-10-03T13:27:01.198223" level="FAIL">Expected error '*HTTPError: 400 Client Error*' did not occur.</msg>
<arg>*HTTPError: 400 Client Error*</arg>
<arg>Create New User</arg>
<arg>Usuario Senha Longa</arg>
<arg>${long_pass_email}</arg>
<arg>12345678901</arg>
<arg>false</arg>
<doc>Runs the keyword and checks that the expected error occurred.</doc>
<status status="FAIL" start="2025-10-03T13:27:00.986780" elapsed="0.211501">Expected error '*HTTPError: 400 Client Error*' did not occur.</status>
</kw>
<tag>NEGATIVE</tag>
<tag>RULES</tag>
<status status="FAIL" start="2025-10-03T13:27:00.984480" elapsed="0.214058">Expected error '*HTTPError: 400 Client Error*' did not occur.</status>
</test>
<test id="s1-t12" name="Cenário 11: [GET] Tentar buscar produtos sem autenticação (ESPERADO FALHAR)" line="156">
<kw name="Run Keyword And Expect Error" owner="BuiltIn">
<kw name="Get All Products" owner="serverest_keywords">
<kw name="Create Dictionary" owner="BuiltIn">
<msg time="2025-10-03T13:27:01.201059" level="INFO">&amp;{headers} = { }</msg>
<var>&amp;{headers}</var>
<doc>Creates and returns a dictionary based on the given ``items``.</doc>
<status status="PASS" start="2025-10-03T13:27:01.200922" elapsed="0.000161"/>
</kw>
<kw name="Run Keyword If" owner="BuiltIn">
<arg>'${token}' != '${EMPTY}'</arg>
<arg>Set To Dictionary</arg>
<arg>${headers}</arg>
<arg>Authorization=${token}</arg>
<doc>Runs the given keyword with the given arguments, if ``condition`` is true.</doc>
<status status="PASS" start="2025-10-03T13:27:01.201167" elapsed="0.000349"/>
</kw>
<kw name="GET On Session" owner="RequestsLibrary">
<msg time="2025-10-03T13:27:01.467914" level="INFO">GET Request : url=https://serverest.dev/produtos 
 path_url=/produtos 
 headers={'User-Agent': 'python-requests/2.32.5', 'Accept-Encoding': 'gzip, deflate', 'Accept': '*/*', 'Connection': 'keep-alive'} 
 body=None 
 </msg>
<msg time="2025-10-03T13:27:01.468479" level="INFO">GET Response : url=https://serverest.dev/produtos 
 status=200, reason=OK 
 headers={'access-control-allow-origin': '*', 'x-dns-prefetch-control': 'off', 'x-frame-options': 'SAMEORIGIN', 'strict-transport-security': 'max-age=15552000; includeSubDomains', 'x-download-options': 'noopen', 'x-content-type-options': 'nosniff', 'x-xss-protection': '1; mode=block', 'content-type': 'application/json; charset=utf-8', 'x-cloud-trace-context': 'c549563973c95524165dab6789bd79bb', 'date': 'Fri, 03 Oct 2025 16:27:01 GMT', 'server': 'Google Frontend', 'Content-Length': '14604'} 
 body={
    "quantidade": 61,
    "produtos": [
        {
            "nome": "Modern Marble Fish",
            "preco": 500,
            "descricao": "The pink Bacon combines Azerbaijan aesthetics with Vanadium-based durability",
            "quantidade": 0,
            "_id": "0VwBL49CHea6b5M5"
        },
        {
            "nome": "Gorgeous Cotton Salad",
            "preco": 500,
            "descricao": "The sky blue Shoes combines Argentina aesthetics with Ytterbium-based durability",
            "quantidade": 10,
            "_id": "0mDKMb7QO3kIlHbp"
        },
        {
            "nome": "Incredible Plastic Chair",
            "preco": 1600,
            "descricao": "Experience the red brilliance of our Ball, perfect for outlying environments",
            "quantidade": 18,
            "_id": "0vqYofPyQno2wAAb"
        },
        {
            "nome": "#(updatedUserData) 'EDITADO'",
            "preco": 100,
            "descricao": "Produto de teste automatizado",
            "quantidade": 10,
            "_id": "1JvqsKfuUiR4ESi9"
        },
        {
            "nome": "Luxurious Rubber Chips",
            "preco": 500,
            "descricao": "The mint green Keyboard combines Oman aesthetics with Lead-based durability",
            "quantidade": 10,
            "_id": "2ZMP6yPfMEPGhPjj"
        },
        {
            "nome": "Refined Ceramic Chips",
            "preco": 500,
            "descricao": "New azure Shirt with ergonomic design for sour comfort",
            "quantidade": 0,
            "_id": "43zxbQkKY4ZWuESV"
        },
        {
            "nome": "Electronic Bronze Soap",
            "preco": 1600,
            "descricao": "Our bitter-inspired Chicken brings a taste of luxury to your minor lifestyle",
            "quantidade": 18,
            "_id": "4yrRoXCimiY2UkUj"
        },
        {
            "nome": "Produto Karate b95l",
            "preco": 100,
            "descricao": "Produto de teste automatizado",
            "quantidade": 10,
            "_id": "68luvtlEOicGZsA8"
        },
        {
            "nome": "Awesome Rubber Towels",
            "preco": 500,
            "descricao": "The automobile layout consists of a front-engine design, with transaxle-type transmissions mounted at the rear of the engine and four wheel drive",
            "quantidade": 0,
            "_id": "7lm01w1eqBYuTjUV"
        },
        {
            "nome": "GXMEuZ7nj4",
            "preco": 250,
            "descricao": "Descrição do produto novo",
            "quantidade": 100,
            "_id": "85pK8ceQM69X1lIs"
        },
        {
            "nome": "Produto Karate wt1f",
            "preco": 100,
            "descricao": "Produto de teste automatizado",
            "quantidade": 10,
            "_id": "AMQ2JI2aAQWkzYRC"
        },
        {
            "nome": "Logitech MX Vertical",
            "preco": 470,
            "descricao": "Mouse",
            "quantidade": 382,
            "_id": "BeeJh5lz3k6kSIzA"
        },
        {
            "nome": "Gorgeous Cotton Fish",
            "preco": 1600,
            "descricao": "The plum Sausages combines Guinea aesthetics with Potassium-based durability",
            "quantidade": 18,
            "_id": "CPqgAogoevMbnBuq"
        },
        {
            "nome": "Produto Teste Karate",
            "preco": 100,
            "descricao": "Produto de teste automatizado",
            "quantidade": 10,
            "_id": "G9VuX7aBJNEKBwJ3"
        },
        {
            "nome": "ZtvCk2itN8",
            "preco": 250,
            "descricao": "Descrição do produto novo",
            "quantidade": 100,
            "_id": "GjFOgxvyok7HN9A7"
        },
        {
            "nome": "Generic Silk Keyboard",
[...]
  warnings.warn(</msg>
<msg time="2025-10-03T13:27:03.273388" level="INFO">${response} = &lt;Response [200]&gt;</msg>
<var>${response}</var>
<arg>serverest</arg>
<arg>/login</arg>
<arg>json=${credentials}</arg>
<doc>Sends a POST request on a previously created HTTP Session.</doc>
<status status="PASS" start="2025-10-03T13:27:03.048113" elapsed="0.225314"/>
</kw>
<kw name="Status Should Be" owner="RequestsLibrary">
<arg>200</arg>
<arg>${response}</arg>
<doc>Fails if response status code is different than the expected.</doc>
<status status="PASS" start="2025-10-03T13:27:03.273584" elapsed="0.000210"/>
</kw>
<kw name="Set Variable" owner="BuiltIn">
<msg time="2025-10-03T13:27:03.274406" level="INFO">${token} = Bearer eyJhbGciOiJIUzI1NiIsInR5cCI6IkpXVCJ9.eyJlbWFpbCI6ImFkbWluLWhkbXF3Ymh3QHFhLmNvbSIsInBhc3N3b3JkIjoic2VuaGFmb3J0ZSIsImlhdCI6MTc1OTUwODgyMywiZXhwIjoxNzU5NTA5NDIzfQ.lg0eFy09CJhES_8b5-flUhwGMnoxgTrQo...</msg>
<var>${token}</var>
<arg>${response.json()}[authorization]</arg>
<doc>Returns the given values which can then be assigned to a variables.</doc>
<status status="PASS" start="2025-10-03T13:27:03.273908" elapsed="0.000548"/>
</kw>
<kw name="Log" owner="BuiltIn">
<msg time="2025-10-03T13:27:03.274729" level="INFO">Token recebido: Bearer eyJhbGciOiJIUzI1NiIsInR5cCI6IkpXVCJ9.eyJlbWFpbCI6ImFkbWluLWhkbXF3Ymh3QHFhLmNvbSIsInBhc3N3b3JkIjoic2VuaGFmb3J0ZSIsImlhdCI6MTc1OTUwODgyMywiZXhwIjoxNzU5NTA5NDIzfQ.lg0eFy09CJhES_8b5-flUhwGMnoxgTrQomEq2W0wMn4</msg>
<arg>Token recebido: ${token}</arg>
<doc>Logs the given message with the given level.</doc>
<status status="PASS" start="2025-10-03T13:27:03.274582" elapsed="0.000201"/>
</kw>
<return>
<value>${token}</value>
<status status="PASS" start="2025-10-03T13:27:03.274841" elapsed="0.000040"/>
</return>
<msg time="2025-10-03T13:27:03.275042" level="INFO">${admin_token} = Bearer eyJhbGciOiJIUzI1NiIsInR5cCI6IkpXVCJ9.eyJlbWFpbCI6ImFkbWluLWhkbXF3Ymh3QHFhLmNvbSIsInBhc3N3b3JkIjoic2VuaGFmb3J0ZSIsImlhdCI6MTc1OTUwODgyMywiZXhwIjoxNzU5NTA5NDIzfQ.lg0eFy09CJhES_8b5-flUhwGMnoxgTrQo...</msg>
<var>${admin_token}</var>
<arg>${ADMIN_EMAIL}</arg>
<arg>${ADMIN_PASSWORD}</arg>
<status status="PASS" start="2025-10-03T13:27:03.045040" elapsed="0.230036"/>
</kw>
<kw name="Generate Random String" owner="String">
<msg time="2025-10-03T13:27:03.275615" level="INFO">${product_name} = rgU6X4I5lx</msg>
<var>${product_name}</var>
<arg>10</arg>
<doc>Generates a string with a desired ``length`` from the given ``chars``.</doc>
<status status="PASS" start="2025-10-03T13:27:03.275376" elapsed="0.000272"/>
</kw>
<kw name="Create New Product" owner="serverest_keywords">
<kw name="Create Dictionary" owner="BuiltIn">
<msg time="2025-10-03T13:27:03.276703" level="INFO">&amp;{headers} = { Authorization=Bearer eyJhbGciOiJIUzI1NiIsInR5cCI6IkpXVCJ9.eyJlbWFpbCI6ImFkbWluLWhkbXF3Ymh3QHFhLmNvbSIsInBhc3N3b3JkIjoic2VuaGFmb3J0ZSIsImlhdCI6MTc1OTUwODgyMywiZXhwIjoxNzU5NTA5NDIzfQ.lg0eFy09CJhES_8b5...</msg>
<var>&amp;{headers}</var>
<arg>Authorization=${token}</arg>
<doc>Creates and returns a dictionary based on the given ``items``.</doc>
<status status="PASS" start="2025-10-03T13:27:03.276424" elapsed="0.000316"/>
</kw>
<kw name="Create Dictionary" owner="BuiltIn">
<msg time="2025-10-03T13:27:03.277257" level="INFO">&amp;{payload} = { nome=rgU6X4I5lx | preco=150 | descricao=Desc | quantidade=50 }</msg>
<var>&amp;{payload}</var>
<arg>nome=${product_name}</arg>
<arg>preco=${price}</arg>
<arg>descricao=${description}</arg>
<arg>quantidade=${quantity}</arg>
<doc>Creates and returns a dictionary based on the given ``items``.</doc>
<status status="PASS" start="2025-10-03T13:27:03.276867" elapsed="0.000424"/>
</kw>
<kw name="POST On Session" owner="RequestsLibrary">
<msg time="2025-10-03T13:27:03.504475" level="INFO">POST Request : url=https://serverest.dev/produtos 
 path_url=/produtos 
 headers={'User-Agent': 'python-requests/2.32.5', 'Accept-Encoding': 'gzip, deflate', 'Accept': '*/*', 'Connection': 'keep-alive', 'Authorization': 'Bearer eyJhbGciOiJIUzI1NiIsInR5cCI6IkpXVCJ9.eyJlbWFpbCI6ImFkbWluLWhkbXF3Ymh3QHFhLmNvbSIsInBhc3N3b3JkIjoic2VuaGFmb3J0ZSIsImlhdCI6MTc1OTUwODgyMywiZXhwIjoxNzU5NTA5NDIzfQ.lg0eFy09CJhES_8b5-flUhwGMnoxgTrQomEq2W0wMn4', 'Content-Length': '79', 'Content-Type': 'application/json'} 
 body=b'{"nome": "rgU6X4I5lx", "preco": "150", "descricao": "Desc", "quantidade": "50"}' 
 </msg>
<msg time="2025-10-03T13:27:03.504742" level="INFO">POST Response : url=https://serverest.dev/produtos 
 status=201, reason=Created 
 headers={'access-control-allow-origin': '*', 'x-dns-prefetch-control': 'off', 'x-frame-options': 'SAMEORIGIN', 'strict-transport-security': 'max-age=15552000; includeSubDomains', 'x-download-options': 'noopen', 'x-content-type-options': 'nosniff', 'x-xss-protection': '1; mode=block', 'content-type': 'application/json; charset=utf-8', 'x-cloud-trace-context': '1d2f5adbf126ed1b165dab6789bd7994', 'date': 'Fri, 03 Oct 2025 16:27:03 GMT', 'server': 'Google Frontend', 'Content-Length': '82'} 
 body={
    "message": "Cadastro realizado com sucesso",
    "_id": "byJrT65f5jmEfDY2"
} 
 </msg>
<msg time="2025-10-03T13:27:03.504969" level="INFO">C:\Users\livia\AppData\Local\Programs\Python\Python313\Lib\site-packages\urllib3\connectionpool.py:1097: InsecureRequestWarning: Unverified HTTPS request is being made to host 'serverest.dev'. Adding certificate verification is strongly advised. See: https://urllib3.readthedocs.io/en/latest/advanced-usage.html#tls-warnings
  warnings.warn(</msg>
<msg time="2025-10-03T13:27:03.505812" level="INFO">${response} = &lt;Response [201]&gt;</msg>
<var>${response}</var>
<arg>serverest</arg>
<arg>/produtos</arg>
<arg>headers=${headers}</arg>
<arg>json=${payload}</arg>
<doc>Sends a POST request on a previously created HTTP Session.</doc>
<status status="PASS" start="2025-10-03T13:27:03.277419" elapsed="0.228517"/>
</kw>
<kw name="Status Should Be" owner="RequestsLibrary">
<arg>201</arg>
<arg>${response}</arg>
<doc>Fails if response status code is different than the expected.</doc>
<status status="PASS" start="2025-10-03T13:27:03.506431" elapsed="0.000637"/>
</kw>
<kw name="Log" owner="BuiltIn">
<msg time="2025-10-03T13:27:03.509081" level="INFO">Produto criado com sucesso: {'message': 'Cadastro realizado com sucesso', '_id': 'byJrT65f5jmEfDY2'}</msg>
<arg>Produto criado com sucesso: ${response.json()}</arg>
<doc>Logs the given message with the given level.</doc>
<status status="PASS" start="2025-10-03T13:27:03.507464" elapsed="0.001821"/>
</kw>
<return>
<value>${response.json()}[_id]</value>
<status status="PASS" start="2025-10-03T13:27:03.509472" elapsed="0.000118"/>
</return>
<msg time="2025-10-03T13:27:03.511136" level="INFO">${product_id} = byJrT65f5jmEfDY2</msg>
<var>${product_id}</var>
<arg>${admin_token}</arg>
<arg>${product_name}</arg>
<arg>150</arg>
<arg>Desc</arg>
<arg>50</arg>
<status status="PASS" start="2025-10-03T13:27:03.276014" elapsed="0.235250"/>
</kw>
<kw name="Create Cart" owner="serverest_keywords">
<kw name="Create Dictionary" owner="BuiltIn">
<msg time="2025-10-03T13:27:03.514433" level="INFO">&amp;{headers} = { Authorization=Bearer eyJhbGciOiJIUzI1NiIsInR5cCI6IkpXVCJ9.eyJlbWFpbCI6InVzZXItTWQ0aWtUNDdAcWEuY29tIiwicGFzc3dvcmQiOiJzZW5oYTEyMyIsImlhdCI6MTc1OTUwODgyMiwiZXhwIjoxNzU5NTA5NDIyfQ.HnKE3kGyfLLSTfcehsZtL...</msg>
<var>&amp;{headers}</var>
<arg>Authorization=${token}</arg>
<doc>Creates and returns a dictionary based on the given ``items``.</doc>
<status status="PASS" start="2025-10-03T13:27:03.513562" elapsed="0.000989"/>
</kw>
<kw name="Create List" owner="BuiltIn">
<msg time="2025-10-03T13:27:03.515372" level="INFO">${product_list} = []</msg>
<var>${product_list}</var>
<doc>Returns a list containing given items.</doc>
<status status="PASS" start="2025-10-03T13:27:03.514924" elapsed="0.000547"/>
</kw>
<kw name="Create Dictionary" owner="BuiltIn">
<msg time="2025-10-03T13:27:03.516815" level="INFO">&amp;{product_item} = { idProduto=byJrT65f5jmEfDY2 | quantidade=2 }</msg>
<var>&amp;{product_item}</var>
<arg>idProduto=${product_id}</arg>
<arg>quantidade=${quantity}</arg>
<doc>Creates and returns a dictionary based on the given ``items``.</doc>
<status status="PASS" start="2025-10-03T13:27:03.515834" elapsed="0.001043"/>
</kw>
<kw name="Append To List" owner="Collections">
<arg>${product_list}</arg>
<arg>${product_item}</arg>
<doc>Adds ``values`` to the end of ``list``.</doc>
<status status="PASS" start="2025-10-03T13:27:03.517013" elapsed="0.000124"/>
</kw>
<kw name="Create Dictionary" owner="BuiltIn">
<msg time="2025-10-03T13:27:03.518032" level="INFO">&amp;{payload} = { produtos=[{'idProduto': 'byJrT65f5jmEfDY2', 'quantidade': '2'}] }</msg>
<var>&amp;{payload}</var>
<arg>produtos=${product_list}</arg>
<doc>Creates and returns a dictionary based on the given ``items``.</doc>
<status status="PASS" start="2025-10-03T13:27:03.517218" elapsed="0.000860"/>
</kw>
<kw name="POST On Session" owner="RequestsLibrary">
<msg time="2025-10-03T13:27:03.751890" level="INFO">POST Request : url=https://serverest.dev/carrinhos 
 path_url=/carrinhos 
 headers={'User-Agent': 'python-requests/2.32.5', 'Accept-Encoding': 'gzip, deflate', 'Accept': '*/*', 'Connection': 'keep-alive', 'Authorization': 'Bearer eyJhbGciOiJIUzI1NiIsInR5cCI6IkpXVCJ9.eyJlbWFpbCI6InVzZXItTWQ0aWtUNDdAcWEuY29tIiwicGFzc3dvcmQiOiJzZW5oYTEyMyIsImlhdCI6MTc1OTUwODgyMiwiZXhwIjoxNzU5NTA5NDIyfQ.HnKE3kGyfLLSTfcehsZtL2N5jIuJv4XSiU3LK18Nlfs', 'Content-Length': '68', 'Content-Type': 'application/json'} 
 body=b'{"produtos": [{"idProduto": "byJrT65f5jmEfDY2", "quantidade": "2"}]}' 
 </msg>
<msg time="2025-10-03T13:27:03.752193" level="INFO">POST Response : url=https://serverest.dev/carrinhos 
 status=201, reason=Created 
 headers={'access-control-allow-origin': '*', 'x-dns-prefetch-control': 'off', 'x-frame-options': 'SAMEORIGIN', 'strict-transport-security': 'max-age=15552000; includeSubDomains', 'x-download-options': 'noopen', 'x-content-type-options': 'nosniff', 'x-xss-protection': '1; mode=block', 'content-type': 'application/json; charset=utf-8', 'x-cloud-trace-context': '4af309d2b940fb37165dab6789bd7d86', 'date': 'Fri, 03 Oct 2025 16:27:03 GMT', 'server': 'Google Frontend', 'Content-Length': '82'} 
 body={
    "message": "Cadastro realizado com sucesso",
    "_id": "nFAaMSKEgsaKrFDt"
} 
 </msg>
<msg time="2025-10-03T13:27:03.752473" level="INFO">C:\Users\livia\AppData\Local\Programs\Python\Python313\Lib\site-packages\urllib3\connectionpool.py:1097: InsecureRequestWarning: Unverified HTTPS request is being made to host 'serverest.dev'. Adding certificate verification is strongly advised. See: https://urllib3.readthedocs.io/en/latest/advanced-usage.html#tls-warnings
  warnings.warn(</msg>
<msg time="2025-10-03T13:27:03.753389" level="INFO">${response} = &lt;Response [201]&gt;</msg>
<var>${response}</var>
<arg>serverest</arg>
<arg>/carrinhos</arg>
<arg>headers=${headers}</arg>
<arg>json=${payload}</arg>
<doc>Sends a POST request on a previously created HTTP Session.</doc>
<status status="PASS" start="2025-10-03T13:27:03.518258" elapsed="0.235267"/>
</kw>
<kw name="Status Should Be" owner="RequestsLibrary">
<arg>201</arg>
<arg>${response}</arg>
<doc>Fails if response status code is different than the expected.</doc>
<status status="PASS" start="2025-10-03T13:27:03.754029" elapsed="0.000691"/>
</kw>
<return>
<value>${response.json()}[_id]</value>
<status status="PASS" start="2025-10-03T13:27:03.754954" elapsed="0.000127"/>
</return>
<msg time="2025-10-03T13:27:03.756870" level="INFO">${cart_id} = nFAaMSKEgsaKrFDt</msg>
<var>${cart_id}</var>
<arg>${token}</arg>
<arg>${product_id}</arg>
<arg>2</arg>
<status status="PASS" start="2025-10-03T13:27:03.512360" elapsed="0.244632"/>
</kw>
<kw name="Should Not Be Empty" owner="BuiltIn">
<msg time="2025-10-03T13:27:03.758345" level="INFO">Length is 16.</msg>
<arg>${cart_id}</arg>
<doc>Verifies that the given item is not empty.</doc>
<status status="PASS" start="2025-10-03T13:27:03.757825" elapsed="0.000691"/>
</kw>
<kw name="Conclude Purchase" owner="serverest_keywords">
<kw name="Create Dictionary" owner="BuiltIn">
<msg time="2025-10-03T13:27:03.759368" level="INFO">&amp;{headers} = { Authorization=Bearer eyJhbGciOiJIUzI1NiIsInR5cCI6IkpXVCJ9.eyJlbWFpbCI6InVzZXItTWQ0aWtUNDdAcWEuY29tIiwicGFzc3dvcmQiOiJzZW5oYTEyMyIsImlhdCI6MTc1OTUwODgyMiwiZXhwIjoxNzU5NTA5NDIyfQ.HnKE3kGyfLLSTfcehsZtL...</msg>
<var>&amp;{headers}</var>
<arg>Authorization=${token}</arg>
<doc>Creates and returns a dictionary based on the given ``items``.</doc>
<status status="PASS" start="2025-10-03T13:27:03.759185" elapsed="0.000207"/>
</kw>
<kw name="DELETE On Session" owner="RequestsLibrary">
<msg time="2025-10-03T13:27:03.976629" level="INFO">DELETE Request : url=https://serverest.dev/carrinhos/concluir-compra 
 path_url=/carrinhos/concluir-compra 
 headers={'User-Agent': 'python-requests/2.32.5', 'Accept-Encoding': 'gzip, deflate', 'Accept': '*/*', 'Connection': 'keep-alive', 'Authorization': 'Bearer eyJhbGciOiJIUzI1NiIsInR5cCI6IkpXVCJ9.eyJlbWFpbCI6InVzZXItTWQ0aWtUNDdAcWEuY29tIiwicGFzc3dvcmQiOiJzZW5oYTEyMyIsImlhdCI6MTc1OTUwODgyMiwiZXhwIjoxNzU5NTA5NDIyfQ.HnKE3kGyfLLSTfcehsZtL2N5jIuJv4XSiU3LK18Nlfs', 'Content-Length': '0'} 
 body=None 
 </msg>
<msg time="2025-10-03T13:27:03.976801" level="INFO">DELETE Response : url=https://serverest.dev/carrinhos/concluir-compra 
 status=200, reason=OK 
 headers={'access-control-allow-origin': '*', 'x-dns-prefetch-control': 'off', 'x-frame-options': 'SAMEORIGIN', 'strict-transport-security': 'max-age=15552000; includeSubDomains', 'x-download-options': 'noopen', 'x-content-type-options': 'nosniff', 'x-xss-protection': '1; mode=block', 'content-type': 'application/json; charset=utf-8', 'x-cloud-trace-context': '3deb571384be7270165dab6789bd738b', 'date': 'Fri, 03 Oct 2025 16:27:03 GMT', 'server': 'Google Frontend', 'Content-Length': '51'} 
 body={
    "message": "Registro excluído com sucesso"
} 
 </msg>
<msg time="2025-10-03T13:27:03.976939" level="INFO">C:\Users\livia\AppData\Local\Programs\Python\Python313\Lib\site-packages\urllib3\connectionpool.py:1097: InsecureRequestWarning: Unverified HTTPS request is being made to host 'serverest.dev'. Adding certificate verification is strongly advised. See: https://urllib3.readthedocs.io/en/latest/advanced-usage.html#tls-warnings
  warnings.warn(</msg>
<msg time="2025-10-03T13:27:03.977539" level="INFO">${response} = &lt;Response [200]&gt;</msg>
<var>${response}</var>
<arg>serverest</arg>
<arg>/carrinhos/concluir-compra</arg>
<arg>headers=${headers}</arg>
<doc>Sends a DELETE request on a previously created HTTP Session.</doc>
<status status="PASS" start="2025-10-03T13:27:03.759473" elapsed="0.218146"/>
</kw>
<kw name="Status Should Be" owner="RequestsLibrary">
<arg>200</arg>
<arg>${response}</arg>
<doc>Fails if response status code is different than the expected.</doc>
<status status="PASS" start="2025-10-03T13:27:03.977908" elapsed="0.000397"/>
</kw>
<arg>${token}</arg>
<status status="PASS" start="2025-10-03T13:27:03.758971" elapsed="0.219488"/>
</kw>
<kw name="Run Keyword And Expect Error" owner="BuiltIn">
<kw name="Cancel Purchase" owner="serverest_keywords">
<kw name="Create Dictionary" owner="BuiltIn">
<msg time="2025-10-03T13:27:03.980658" level="INFO">&amp;{headers} = { Authorization=Bearer eyJhbGciOiJIUzI1NiIsInR5cCI6IkpXVCJ9.eyJlbWFpbCI6InVzZXItTWQ0aWtUNDdAcWEuY29tIiwicGFzc3dvcmQiOiJzZW5oYTEyMyIsImlhdCI6MTc1OTUwODgyMiwiZXhwIjoxNzU5NTA5NDIyfQ.HnKE3kGyfLLSTfcehsZtL...</msg>
<var>&amp;{headers}</var>
<arg>Authorization=${token}</arg>
<doc>Creates and returns a dictionary based on the given ``items``.</doc>
<status status="PASS" start="2025-10-03T13:27:03.979922" elapsed="0.000838"/>
</kw>
<kw name="DELETE On Session" owner="RequestsLibrary">
<msg time="2025-10-03T13:27:04.190875" level="INFO">DELETE Request : url=https://serverest.dev/carrinhos/cancelar-compra 
 path_url=/carrinhos/cancelar-compra 
 headers={'User-Agent': 'python-requests/2.32.5', 'Accept-Encoding': 'gzip, deflate', 'Accept': '*/*', 'Connection': 'keep-alive', 'Authorization': 'Bearer eyJhbGciOiJIUzI1NiIsInR5cCI6IkpXVCJ9.eyJlbWFpbCI6InVzZXItTWQ0aWtUNDdAcWEuY29tIiwicGFzc3dvcmQiOiJzZW5oYTEyMyIsImlhdCI6MTc1OTUwODgyMiwiZXhwIjoxNzU5NTA5NDIyfQ.HnKE3kGyfLLSTfcehsZtL2N5jIuJv4XSiU3LK18Nlfs', 'Content-Length': '0'} 
 body=None 
 </msg>
<msg time="2025-10-03T13:27:04.191354" level="INFO">DELETE Response : url=https://serverest.dev/carrinhos/cancelar-compra 
 status=200, reason=OK 
 headers={'access-control-allow-origin': '*', 'x-dns-prefetch-control': 'off', 'x-frame-options': 'SAMEORIGIN', 'strict-transport-security': 'max-age=15552000; includeSubDomains', 'x-download-options': 'noopen', 'x-content-type-options': 'nosniff', 'x-xss-protection': '1; mode=block', 'content-type': 'application/json; charset=utf-8', 'x-cloud-trace-context': 'ea4ca11bed73cba9165dab6789bd72a6', 'date': 'Fri, 03 Oct 2025 16:27:03 GMT', 'server': 'Google Frontend', 'Content-Length': '68'} 
 body={
    "message": "Não foi encontrado carrinho para esse usuário"
} 
 </msg>
<msg time="2025-10-03T13:27:04.191609" level="INFO">C:\Users\livia\AppData\Local\Programs\Python\Python313\Lib\site-packages\urllib3\connectionpool.py:1097: InsecureRequestWarning: Unverified HTTPS request is being made to host 'serverest.dev'. Adding certificate verification is strongly advised. See: https://urllib3.readthedocs.io/en/latest/advanced-usage.html#tls-warnings
  warnings.warn(</msg>
<msg time="2025-10-03T13:27:04.192522" level="INFO">${response} = &lt;Response [200]&gt;</msg>
<var>${response}</var>
<arg>serverest</arg>
<arg>/carrinhos/cancelar-compra</arg>
<arg>headers=${headers}</arg>
<doc>Sends a DELETE request on a previously created HTTP Session.</doc>
<status status="PASS" start="2025-10-03T13:27:03.981058" elapsed="0.211600"/>
</kw>
<kw name="Status Should Be" owner="RequestsLibrary">
<arg>200</arg>
<arg>${response}</arg>
<doc>Fails if response status code is different than the expected.</doc>
<status status="PASS" start="2025-10-03T13:27:04.193148" elapsed="0.000688"/>
</kw>
<arg>${token}</arg>
<status status="PASS" start="2025-10-03T13:27:03.979341" elapsed="0.214778"/>
</kw>
<msg time="2025-10-03T13:27:04.194423" level="FAIL">Expected error '*HTTPError: 404 Client Error*' did not occur.</msg>
<arg>*HTTPError: 404 Client Error*</arg>
<arg>Cancel Purchase</arg>
<arg>${token}</arg>
<doc>Runs the keyword and checks that the expected error occurred.</doc>
<status status="FAIL" start="2025-10-03T13:27:03.978934" elapsed="0.215746">Expected error '*HTTPError: 404 Client Error*' did not occur.</status>
</kw>
<tag>CARRINHOS</tag>
<tag>FLUXO</tag>
<status status="FAIL" start="2025-10-03T13:27:02.572146" elapsed="1.623509">Expected error '*HTTPError: 404 Client Error*' did not occur.</status>
</test>
<status status="FAIL" start="2025-10-03T13:26:57.306722" elapsed="6.892397"/>
</suite>
<statistics>
<total>
<stat pass="9" fail="6" skip="0">All Tests</stat>
</total>
<tag>
<stat pass="4" fail="1" skip="0">AUTH</stat>
<stat pass="0" fail="1" skip="0">CARRINHOS</stat>
<stat pass="1" fail="0" skip="0">DELETE</stat>
<stat pass="0" fail="1" skip="0">FLUXO</stat>
<stat pass="2" fail="0" skip="0">GET</stat>
<stat pass="4" fail="5" skip="0">NEGATIVE</stat>
<stat pass="2" fail="0" skip="0">POST</stat>
<stat pass="3" fail="0" skip="0">PRODUTOS</stat>
<stat pass="2" fail="5" skip="0">RULES</stat>
<stat pass="1" fail="0" skip="0">SETUP</stat>
<stat pass="1" fail="0" skip="0">SMOKE</stat>
<stat pass="3" fail="0" skip="0">USUARIOS</stat>
</tag>
<suite>
<stat name="Serverest Tests" id="s1" pass="9" fail="6" skip="0">Serverest Tests</stat>
</suite>
</statistics>
<errors>
</errors>
</robot>
